2020-12-27 11:23:02,778 - instabot version: 0.117.0 (bot) - INFO - Instabot version: 0.117.0 Started
2020-12-27 11:23:02,778 - instabot version: 0.117.0 (bot) - DEBUG - Bot imported from C:\Python39\lib\site-packages\instabot\bot\bot.py
2020-12-27 11:23:02,779 - instabot version: 0.117.0 (api_login) - INFO - Not yet logged in starting: PRE-LOGIN FLOW!
2020-12-27 11:23:03,167 - instabot version: 0.117.0 (api) - DEBUG - POST to endpoint: accounts/get_prefill_candidates/ returned response: <Response [200]>
2020-12-27 11:23:03,533 - instabot version: 0.117.0 (api) - DEBUG - POST to endpoint: qe/sync/ returned response: <Response [200]>
2020-12-27 11:23:03,863 - instabot version: 0.117.0 (api) - DEBUG - POST to endpoint: launcher/sync/ returned response: <Response [200]>
2020-12-27 11:23:04,183 - instabot version: 0.117.0 (api) - DEBUG - POST to endpoint: accounts/contact_point_prefill/ returned response: <Response [200]>
2020-12-27 11:23:06,378 - instabot version: 0.117.0 (api) - DEBUG - POST to endpoint: accounts/login/ returned response: <Response [200]>
2020-12-27 11:23:06,378 - instabot version: 0.117.0 (api) - INFO - Logged-in successfully as 'dirtshion'!
2020-12-27 11:23:06,378 - instabot version: 0.117.0 (api_login) - INFO - LOGIN FLOW! Just logged-in: True
2020-12-27 11:23:06,748 - instabot version: 0.117.0 (api) - DEBUG - POST to endpoint: qe/sync/ returned response: <Response [200]>
2020-12-27 11:23:07,084 - instabot version: 0.117.0 (api) - DEBUG - POST to endpoint: launcher/sync/ returned response: <Response [200]>
2020-12-27 11:23:07,457 - instabot version: 0.117.0 (api) - DEBUG - GET to endpoint: zr/token/result/?device_id=android-72b5bbaadd902453&token_hash=&custom_device_id=android-72b5bbaadd902453&fetch_reason=token_expired returned response: <Response [200]>
2020-12-27 11:23:07,829 - instabot version: 0.117.0 (api) - DEBUG - GET to endpoint: multiple_accounts/get_account_family/ returned response: <Response [200]>
2020-12-27 11:23:08,188 - instabot version: 0.117.0 (api) - DEBUG - POST to endpoint: qe/sync/ returned response: <Response [200]>
2020-12-27 11:23:09,055 - instabot version: 0.117.0 (api) - DEBUG - GET to endpoint: igtv/browse_feed/?prefetch=1 returned response: <Response [200]>
2020-12-27 11:23:09,403 - instabot version: 0.117.0 (api) - DEBUG - POST to endpoint: creatives/ar_class/ returned response: <Response [200]>
2020-12-27 11:23:10,472 - instabot version: 0.117.0 (api) - DEBUG - POST to endpoint: feed/reels_tray/ returned response: <Response [200]>
2020-12-27 11:23:15,442 - instabot version: 0.117.0 (api) - DEBUG - POST to endpoint: feed/timeline/ returned response: <Response [200]>
2020-12-27 11:23:16,333 - instabot version: 0.117.0 (api) - DEBUG - GET to endpoint: media/blocked/ returned response: <Response [200]>
2020-12-27 11:23:17,495 - instabot version: 0.117.0 (api) - DEBUG - GET to endpoint: news/inbox/ returned response: <Response [200]>
2020-12-27 11:23:17,875 - instabot version: 0.117.0 (api) - DEBUG - GET to endpoint: loom/fetch_config/ returned response: <Response [200]>
2020-12-27 11:23:20,822 - instabot version: 0.117.0 (api) - DEBUG - GET to endpoint: scores/bootstrap/users/?surfaces=["autocomplete_user_list","coefficient_besties_list_ranking","coefficient_rank_recipient_user_suggestion","coefficient_ios_section_test_bootstrap_ranking","coefficient_direct_recipients_ranking_variant_2"] returned response: <Response [200]>
2020-12-27 11:23:21,217 - instabot version: 0.117.0 (api) - DEBUG - GET to endpoint: business/eligibility/get_monetization_products_eligibility_data/?product_types=branded_content returned response: <Response [200]>
2020-12-27 11:23:21,657 - instabot version: 0.117.0 (api) - DEBUG - GET to endpoint: business/branded_content/should_require_professional_account/ returned response: <Response [200]>
2020-12-27 11:23:21,993 - instabot version: 0.117.0 (api) - DEBUG - GET to endpoint: linked_accounts/get_linkage_status/ returned response: <Response [200]>
2020-12-27 11:23:22,727 - instabot version: 0.117.0 (api) - DEBUG - GET to endpoint: locations/request_country/ returned response: <Response [200]>
2020-12-27 11:23:23,398 - instabot version: 0.117.0 (api) - DEBUG - GET to endpoint: qp/get_cooldowns/?signed_body=signed_body=4b9c516a5410a3bc128e09c6104a7f042146b9c2023870560c63a43a7f66781c.4&ig_sig_key_version=4&ig_sig_key_version=4 returned response: <Response [200]>
2020-12-27 11:23:23,768 - instabot version: 0.117.0 (api) - DEBUG - GET to endpoint: users/arlink_download_info/?version_override=2.2.1 returned response: <Response [200]>
2020-12-27 11:23:24,908 - instabot version: 0.117.0 (api) - DEBUG - GET to endpoint: users/4419328098/info/ returned response: <Response [200]>
2020-12-27 11:23:25,623 - instabot version: 0.117.0 (api) - DEBUG - GET to endpoint: direct_v2/get_presence/ returned response: <Response [200]>
2020-12-27 11:23:27,392 - instabot version: 0.117.0 (api) - DEBUG - GET to endpoint: direct_v2/inbox/?visual_message_return_type=unseen&thread_message_limit=10&persistentBadging=true&limit=20 returned response: <Response [200]>
2020-12-27 11:23:27,971 - instabot version: 0.117.0 (api) - DEBUG - GET to endpoint: direct_v2/inbox/?visual_message_return_type=unseen&persistentBadging=true&limit=0 returned response: <Response [200]>
2020-12-27 11:23:30,723 - instabot version: 0.117.0 (api) - DEBUG - GET to endpoint: discover/topical_explore/?is_prefetch=true&omit_cover_media=true&use_sectional_payload=true&timezone_offset=0&session_id=852475c3-246a-44c2-ab49-2a8545297883&include_fixed_destinations=true returned response: <Response [200]>
2020-12-27 11:23:31,104 - instabot version: 0.117.0 (api) - DEBUG - POST to endpoint: notifications/badge/ returned response: <Response [200]>
2020-12-27 11:23:31,627 - instabot version: 0.117.0 (api) - DEBUG - POST to endpoint: qp/batch_fetch/ returned response: <Response [200]>
2020-12-27 11:23:31,628 - instabot version: 0.117.0 (bot_checkpoint) - DEBUG - Loading Checkpoint file from: C:\Users\giuli\OneDrive\Desktop\DEV\insta bot - python/config/dirtshion.checkpoint
2020-12-27 11:23:32,552 - instabot version: 0.117.0 (api) - DEBUG - GET to endpoint: feed/user/4419328098/?max_id=&min_timestamp=None&rank_token=4419328098_60673090-8b05-4f7f-9a51-8fbc4792eb73&ranked_content=true returned response: <Response [200]>
2020-12-27 11:23:33,295 - instabot version: 0.117.0 (api) - DEBUG - GET to endpoint: feed/user/4419328098/?max_id=1943242767540329284_4419328098&min_timestamp=None&rank_token=4419328098_60673090-8b05-4f7f-9a51-8fbc4792eb73&ranked_content=true returned response: <Response [200]>
2020-12-27 11:23:34,050 - instabot version: 0.117.0 (api) - DEBUG - GET to endpoint: feed/user/4419328098/?max_id=1936781715915142851_4419328098&min_timestamp=None&rank_token=4419328098_60673090-8b05-4f7f-9a51-8fbc4792eb73&ranked_content=true returned response: <Response [200]>
2020-12-27 11:23:35,189 - instabot version: 0.117.0 (api) - DEBUG - GET to endpoint: feed/user/4419328098/?max_id=1929406008842949402_4419328098&min_timestamp=None&rank_token=4419328098_60673090-8b05-4f7f-9a51-8fbc4792eb73&ranked_content=true returned response: <Response [200]>
2020-12-27 11:23:36,072 - instabot version: 0.117.0 (api) - DEBUG - GET to endpoint: feed/user/4419328098/?max_id=1922233754858274761_4419328098&min_timestamp=None&rank_token=4419328098_60673090-8b05-4f7f-9a51-8fbc4792eb73&ranked_content=true returned response: <Response [200]>
2020-12-27 11:23:36,844 - instabot version: 0.117.0 (api) - DEBUG - GET to endpoint: feed/user/4419328098/?max_id=1900034693677797712_4419328098&min_timestamp=None&rank_token=4419328098_60673090-8b05-4f7f-9a51-8fbc4792eb73&ranked_content=true returned response: <Response [200]>
2020-12-27 11:23:37,752 - instabot version: 0.117.0 (api) - DEBUG - GET to endpoint: feed/user/4419328098/?max_id=1882256431413953879_4419328098&min_timestamp=None&rank_token=4419328098_60673090-8b05-4f7f-9a51-8fbc4792eb73&ranked_content=true returned response: <Response [200]>
2020-12-27 11:23:38,885 - instabot version: 0.117.0 (api) - DEBUG - GET to endpoint: feed/user/4419328098/?max_id=1868529433138991231_4419328098&min_timestamp=None&rank_token=4419328098_60673090-8b05-4f7f-9a51-8fbc4792eb73&ranked_content=true returned response: <Response [200]>
2020-12-27 11:23:39,889 - instabot version: 0.117.0 (api) - DEBUG - GET to endpoint: feed/user/4419328098/?max_id=1856793010378043003_4419328098&min_timestamp=None&rank_token=4419328098_60673090-8b05-4f7f-9a51-8fbc4792eb73&ranked_content=true returned response: <Response [200]>
2020-12-27 11:23:40,972 - instabot version: 0.117.0 (api) - DEBUG - GET to endpoint: feed/user/4419328098/?max_id=1846748818910010733_4419328098&min_timestamp=None&rank_token=4419328098_60673090-8b05-4f7f-9a51-8fbc4792eb73&ranked_content=true returned response: <Response [200]>
2020-12-27 11:23:42,072 - instabot version: 0.117.0 (api) - DEBUG - GET to endpoint: feed/user/4419328098/?max_id=1833473034607067696_4419328098&min_timestamp=None&rank_token=4419328098_60673090-8b05-4f7f-9a51-8fbc4792eb73&ranked_content=true returned response: <Response [200]>
2020-12-27 11:23:43,152 - instabot version: 0.117.0 (api) - DEBUG - GET to endpoint: feed/user/4419328098/?max_id=1818472016919963907_4419328098&min_timestamp=None&rank_token=4419328098_60673090-8b05-4f7f-9a51-8fbc4792eb73&ranked_content=true returned response: <Response [200]>
2020-12-27 11:23:44,482 - instabot version: 0.117.0 (api) - DEBUG - GET to endpoint: feed/user/4419328098/?max_id=1812684128445798594_4419328098&min_timestamp=None&rank_token=4419328098_60673090-8b05-4f7f-9a51-8fbc4792eb73&ranked_content=true returned response: <Response [200]>
2020-12-27 11:23:45,475 - instabot version: 0.117.0 (api) - DEBUG - GET to endpoint: feed/user/4419328098/?max_id=1795201858088749113_4419328098&min_timestamp=None&rank_token=4419328098_60673090-8b05-4f7f-9a51-8fbc4792eb73&ranked_content=true returned response: <Response [200]>
2020-12-27 11:23:46,460 - instabot version: 0.117.0 (api) - DEBUG - GET to endpoint: feed/user/4419328098/?max_id=1773617534747048567_4419328098&min_timestamp=None&rank_token=4419328098_60673090-8b05-4f7f-9a51-8fbc4792eb73&ranked_content=true returned response: <Response [200]>
2020-12-27 11:23:47,382 - instabot version: 0.117.0 (api) - DEBUG - GET to endpoint: feed/user/4419328098/?max_id=1768148363464682106_4419328098&min_timestamp=None&rank_token=4419328098_60673090-8b05-4f7f-9a51-8fbc4792eb73&ranked_content=true returned response: <Response [200]>
2020-12-27 11:23:48,258 - instabot version: 0.117.0 (api) - DEBUG - GET to endpoint: feed/user/4419328098/?max_id=1760304973161136436_4419328098&min_timestamp=None&rank_token=4419328098_60673090-8b05-4f7f-9a51-8fbc4792eb73&ranked_content=true returned response: <Response [200]>
2020-12-27 11:23:49,232 - instabot version: 0.117.0 (api) - DEBUG - GET to endpoint: feed/user/4419328098/?max_id=1751497113035805917_4419328098&min_timestamp=None&rank_token=4419328098_60673090-8b05-4f7f-9a51-8fbc4792eb73&ranked_content=true returned response: <Response [200]>
2020-12-27 11:23:50,332 - instabot version: 0.117.0 (api) - DEBUG - GET to endpoint: feed/user/4419328098/?max_id=1746394061157062981_4419328098&min_timestamp=None&rank_token=4419328098_60673090-8b05-4f7f-9a51-8fbc4792eb73&ranked_content=true returned response: <Response [200]>
2020-12-27 11:23:51,402 - instabot version: 0.117.0 (api) - DEBUG - GET to endpoint: feed/user/4419328098/?max_id=1742178937286295624_4419328098&min_timestamp=None&rank_token=4419328098_60673090-8b05-4f7f-9a51-8fbc4792eb73&ranked_content=true returned response: <Response [200]>
2020-12-27 11:23:52,625 - instabot version: 0.117.0 (api) - DEBUG - GET to endpoint: feed/user/4419328098/?max_id=1732974975840555676_4419328098&min_timestamp=None&rank_token=4419328098_60673090-8b05-4f7f-9a51-8fbc4792eb73&ranked_content=true returned response: <Response [200]>
2020-12-27 11:23:53,635 - instabot version: 0.117.0 (api) - DEBUG - GET to endpoint: feed/user/4419328098/?max_id=1727198721157860147_4419328098&min_timestamp=None&rank_token=4419328098_60673090-8b05-4f7f-9a51-8fbc4792eb73&ranked_content=true returned response: <Response [200]>
2020-12-27 11:23:54,754 - instabot version: 0.117.0 (api) - DEBUG - GET to endpoint: feed/user/4419328098/?max_id=1722440494234871980_4419328098&min_timestamp=None&rank_token=4419328098_60673090-8b05-4f7f-9a51-8fbc4792eb73&ranked_content=true returned response: <Response [200]>
2020-12-27 11:23:55,873 - instabot version: 0.117.0 (api) - DEBUG - GET to endpoint: feed/user/4419328098/?max_id=1718269340125446041_4419328098&min_timestamp=None&rank_token=4419328098_60673090-8b05-4f7f-9a51-8fbc4792eb73&ranked_content=true returned response: <Response [200]>
2020-12-27 11:23:57,093 - instabot version: 0.117.0 (api) - DEBUG - GET to endpoint: feed/user/4419328098/?max_id=1713800759471932032_4419328098&min_timestamp=None&rank_token=4419328098_60673090-8b05-4f7f-9a51-8fbc4792eb73&ranked_content=true returned response: <Response [200]>
2020-12-27 11:23:58,195 - instabot version: 0.117.0 (api) - DEBUG - GET to endpoint: feed/user/4419328098/?max_id=1706868752586117697_4419328098&min_timestamp=None&rank_token=4419328098_60673090-8b05-4f7f-9a51-8fbc4792eb73&ranked_content=true returned response: <Response [200]>
2020-12-27 11:23:59,329 - instabot version: 0.117.0 (api) - DEBUG - GET to endpoint: feed/user/4419328098/?max_id=1702489547098358973_4419328098&min_timestamp=None&rank_token=4419328098_60673090-8b05-4f7f-9a51-8fbc4792eb73&ranked_content=true returned response: <Response [200]>
2020-12-27 11:24:00,777 - instabot version: 0.117.0 (api) - DEBUG - GET to endpoint: feed/user/4419328098/?max_id=1698865101582271698_4419328098&min_timestamp=None&rank_token=4419328098_60673090-8b05-4f7f-9a51-8fbc4792eb73&ranked_content=true returned response: <Response [200]>
2020-12-27 11:24:01,847 - instabot version: 0.117.0 (api) - DEBUG - GET to endpoint: feed/user/4419328098/?max_id=1694255346939273320_4419328098&min_timestamp=None&rank_token=4419328098_60673090-8b05-4f7f-9a51-8fbc4792eb73&ranked_content=true returned response: <Response [200]>
2020-12-27 11:24:03,062 - instabot version: 0.117.0 (api) - DEBUG - GET to endpoint: feed/user/4419328098/?max_id=1690727272721310790_4419328098&min_timestamp=None&rank_token=4419328098_60673090-8b05-4f7f-9a51-8fbc4792eb73&ranked_content=true returned response: <Response [200]>
2020-12-27 11:24:04,323 - instabot version: 0.117.0 (api) - DEBUG - GET to endpoint: feed/user/4419328098/?max_id=1685638118559839389_4419328098&min_timestamp=None&rank_token=4419328098_60673090-8b05-4f7f-9a51-8fbc4792eb73&ranked_content=true returned response: <Response [200]>
2020-12-27 11:24:05,373 - instabot version: 0.117.0 (api) - DEBUG - GET to endpoint: feed/user/4419328098/?max_id=1680244860111343982_4419328098&min_timestamp=None&rank_token=4419328098_60673090-8b05-4f7f-9a51-8fbc4792eb73&ranked_content=true returned response: <Response [200]>
2020-12-27 11:24:06,601 - instabot version: 0.117.0 (api) - DEBUG - GET to endpoint: feed/user/4419328098/?max_id=1672429408484184533_4419328098&min_timestamp=None&rank_token=4419328098_60673090-8b05-4f7f-9a51-8fbc4792eb73&ranked_content=true returned response: <Response [200]>
2020-12-27 11:24:07,812 - instabot version: 0.117.0 (api) - DEBUG - GET to endpoint: feed/user/4419328098/?max_id=1664598502801307568_4419328098&min_timestamp=None&rank_token=4419328098_60673090-8b05-4f7f-9a51-8fbc4792eb73&ranked_content=true returned response: <Response [200]>
2020-12-27 11:24:09,032 - instabot version: 0.117.0 (api) - DEBUG - GET to endpoint: feed/user/4419328098/?max_id=1658254138374208208_4419328098&min_timestamp=None&rank_token=4419328098_60673090-8b05-4f7f-9a51-8fbc4792eb73&ranked_content=true returned response: <Response [200]>
2020-12-27 11:24:09,992 - instabot version: 0.117.0 (api) - DEBUG - GET to endpoint: feed/user/4419328098/?max_id=1648849240675242705_4419328098&min_timestamp=None&rank_token=4419328098_60673090-8b05-4f7f-9a51-8fbc4792eb73&ranked_content=true returned response: <Response [200]>
2020-12-27 11:24:11,063 - instabot version: 0.117.0 (api) - DEBUG - GET to endpoint: feed/user/4419328098/?max_id=1640831803421654598_4419328098&min_timestamp=None&rank_token=4419328098_60673090-8b05-4f7f-9a51-8fbc4792eb73&ranked_content=true returned response: <Response [200]>
2020-12-27 11:24:12,195 - instabot version: 0.117.0 (api) - DEBUG - GET to endpoint: feed/user/4419328098/?max_id=1634740997699052489_4419328098&min_timestamp=None&rank_token=4419328098_60673090-8b05-4f7f-9a51-8fbc4792eb73&ranked_content=true returned response: <Response [200]>
2020-12-27 11:24:13,431 - instabot version: 0.117.0 (api) - DEBUG - GET to endpoint: feed/user/4419328098/?max_id=1629988673394955124_4419328098&min_timestamp=None&rank_token=4419328098_60673090-8b05-4f7f-9a51-8fbc4792eb73&ranked_content=true returned response: <Response [200]>
2020-12-27 11:24:14,724 - instabot version: 0.117.0 (api) - DEBUG - GET to endpoint: feed/user/4419328098/?max_id=1625275253701730623_4419328098&min_timestamp=None&rank_token=4419328098_60673090-8b05-4f7f-9a51-8fbc4792eb73&ranked_content=true returned response: <Response [200]>
2020-12-27 11:24:16,075 - instabot version: 0.117.0 (api) - DEBUG - GET to endpoint: feed/user/4419328098/?max_id=1620702129207267431_4419328098&min_timestamp=None&rank_token=4419328098_60673090-8b05-4f7f-9a51-8fbc4792eb73&ranked_content=true returned response: <Response [200]>
2020-12-27 11:24:17,214 - instabot version: 0.117.0 (api) - DEBUG - GET to endpoint: feed/user/4419328098/?max_id=1616312021037091068_4419328098&min_timestamp=None&rank_token=4419328098_60673090-8b05-4f7f-9a51-8fbc4792eb73&ranked_content=true returned response: <Response [200]>
2020-12-27 11:24:18,294 - instabot version: 0.117.0 (api) - DEBUG - GET to endpoint: feed/user/4419328098/?max_id=1611950287526731456_4419328098&min_timestamp=None&rank_token=4419328098_60673090-8b05-4f7f-9a51-8fbc4792eb73&ranked_content=true returned response: <Response [200]>
2020-12-27 11:24:19,359 - instabot version: 0.117.0 (api) - DEBUG - GET to endpoint: feed/user/4419328098/?max_id=1608032014254930415_4419328098&min_timestamp=None&rank_token=4419328098_60673090-8b05-4f7f-9a51-8fbc4792eb73&ranked_content=true returned response: <Response [200]>
2020-12-27 11:24:20,252 - instabot version: 0.117.0 (api) - DEBUG - GET to endpoint: feed/user/4419328098/?max_id=1604364783809507789_4419328098&min_timestamp=None&rank_token=4419328098_60673090-8b05-4f7f-9a51-8fbc4792eb73&ranked_content=true returned response: <Response [200]>
2020-12-27 11:24:21,294 - instabot version: 0.117.0 (api) - DEBUG - GET to endpoint: feed/user/4419328098/?max_id=1600330087312329558_4419328098&min_timestamp=None&rank_token=4419328098_60673090-8b05-4f7f-9a51-8fbc4792eb73&ranked_content=true returned response: <Response [200]>
2020-12-27 11:24:22,342 - instabot version: 0.117.0 (api) - DEBUG - GET to endpoint: feed/user/4419328098/?max_id=1597012504727021338_4419328098&min_timestamp=None&rank_token=4419328098_60673090-8b05-4f7f-9a51-8fbc4792eb73&ranked_content=true returned response: <Response [200]>
2020-12-27 11:24:23,213 - instabot version: 0.117.0 (api) - DEBUG - GET to endpoint: feed/user/4419328098/?max_id=1594429063359646882_4419328098&min_timestamp=None&rank_token=4419328098_60673090-8b05-4f7f-9a51-8fbc4792eb73&ranked_content=true returned response: <Response [200]>
2020-12-27 11:24:24,377 - instabot version: 0.117.0 (api) - DEBUG - GET to endpoint: feed/user/4419328098/?max_id=1592116222866862828_4419328098&min_timestamp=None&rank_token=4419328098_60673090-8b05-4f7f-9a51-8fbc4792eb73&ranked_content=true returned response: <Response [200]>
2020-12-27 11:24:25,455 - instabot version: 0.117.0 (api) - DEBUG - GET to endpoint: feed/user/4419328098/?max_id=1589171649811101769_4419328098&min_timestamp=None&rank_token=4419328098_60673090-8b05-4f7f-9a51-8fbc4792eb73&ranked_content=true returned response: <Response [200]>
2020-12-27 11:24:26,573 - instabot version: 0.117.0 (api) - DEBUG - GET to endpoint: feed/user/4419328098/?max_id=1587033976396912508_4419328098&min_timestamp=None&rank_token=4419328098_60673090-8b05-4f7f-9a51-8fbc4792eb73&ranked_content=true returned response: <Response [200]>
2020-12-27 11:24:27,663 - instabot version: 0.117.0 (api) - DEBUG - GET to endpoint: feed/user/4419328098/?max_id=1584240625599677470_4419328098&min_timestamp=None&rank_token=4419328098_60673090-8b05-4f7f-9a51-8fbc4792eb73&ranked_content=true returned response: <Response [200]>
2020-12-27 11:24:28,695 - instabot version: 0.117.0 (api) - DEBUG - GET to endpoint: feed/user/4419328098/?max_id=1582174827036557823_4419328098&min_timestamp=None&rank_token=4419328098_60673090-8b05-4f7f-9a51-8fbc4792eb73&ranked_content=true returned response: <Response [200]>
2020-12-27 11:24:29,812 - instabot version: 0.117.0 (api) - DEBUG - GET to endpoint: feed/user/4419328098/?max_id=1579353720978052970_4419328098&min_timestamp=None&rank_token=4419328098_60673090-8b05-4f7f-9a51-8fbc4792eb73&ranked_content=true returned response: <Response [200]>
2020-12-27 11:24:31,132 - instabot version: 0.117.0 (api) - DEBUG - GET to endpoint: feed/user/4419328098/?max_id=1576483687012693085_4419328098&min_timestamp=None&rank_token=4419328098_60673090-8b05-4f7f-9a51-8fbc4792eb73&ranked_content=true returned response: <Response [200]>
2020-12-27 11:24:32,030 - instabot version: 0.117.0 (api) - DEBUG - GET to endpoint: feed/user/4419328098/?max_id=1572448705260686146_4419328098&min_timestamp=None&rank_token=4419328098_60673090-8b05-4f7f-9a51-8fbc4792eb73&ranked_content=true returned response: <Response [200]>
2020-12-27 11:24:32,932 - instabot version: 0.117.0 (api) - DEBUG - GET to endpoint: feed/user/4419328098/?max_id=1569073971349258670_4419328098&min_timestamp=None&rank_token=4419328098_60673090-8b05-4f7f-9a51-8fbc4792eb73&ranked_content=true returned response: <Response [200]>
2020-12-27 11:24:33,822 - instabot version: 0.117.0 (api) - DEBUG - GET to endpoint: feed/user/4419328098/?max_id=1564067213350492655_4419328098&min_timestamp=None&rank_token=4419328098_60673090-8b05-4f7f-9a51-8fbc4792eb73&ranked_content=true returned response: <Response [200]>
2020-12-27 11:24:34,785 - instabot version: 0.117.0 (api) - DEBUG - GET to endpoint: feed/user/4419328098/?max_id=1558743037538410643_4419328098&min_timestamp=None&rank_token=4419328098_60673090-8b05-4f7f-9a51-8fbc4792eb73&ranked_content=true returned response: <Response [200]>
2020-12-27 11:24:35,732 - instabot version: 0.117.0 (api) - DEBUG - GET to endpoint: feed/user/4419328098/?max_id=1553616270301455795_4419328098&min_timestamp=None&rank_token=4419328098_60673090-8b05-4f7f-9a51-8fbc4792eb73&ranked_content=true returned response: <Response [200]>
2020-12-27 11:24:36,603 - instabot version: 0.117.0 (api) - DEBUG - GET to endpoint: feed/user/4419328098/?max_id=1547342304079270935_4419328098&min_timestamp=None&rank_token=4419328098_60673090-8b05-4f7f-9a51-8fbc4792eb73&ranked_content=true returned response: <Response [200]>
2020-12-27 11:24:37,626 - instabot version: 0.117.0 (api) - DEBUG - GET to endpoint: feed/user/4419328098/?max_id=1543552922331452969_4419328098&min_timestamp=None&rank_token=4419328098_60673090-8b05-4f7f-9a51-8fbc4792eb73&ranked_content=true returned response: <Response [200]>
2020-12-27 11:24:38,583 - instabot version: 0.117.0 (api) - DEBUG - GET to endpoint: feed/user/4419328098/?max_id=1537314319519477555_4419328098&min_timestamp=None&rank_token=4419328098_60673090-8b05-4f7f-9a51-8fbc4792eb73&ranked_content=true returned response: <Response [200]>
2020-12-27 11:24:39,521 - instabot version: 0.117.0 (api) - DEBUG - GET to endpoint: feed/user/4419328098/?max_id=1532201626194271924_4419328098&min_timestamp=None&rank_token=4419328098_60673090-8b05-4f7f-9a51-8fbc4792eb73&ranked_content=true returned response: <Response [200]>
2020-12-27 11:24:40,524 - instabot version: 0.117.0 (api) - DEBUG - GET to endpoint: feed/user/4419328098/?max_id=1526368914644660249_4419328098&min_timestamp=None&rank_token=4419328098_60673090-8b05-4f7f-9a51-8fbc4792eb73&ranked_content=true returned response: <Response [200]>
2020-12-27 11:24:41,524 - instabot version: 0.117.0 (api) - DEBUG - GET to endpoint: feed/user/4419328098/?max_id=1520433601434691643_4419328098&min_timestamp=None&rank_token=4419328098_60673090-8b05-4f7f-9a51-8fbc4792eb73&ranked_content=true returned response: <Response [200]>
2020-12-27 11:24:42,603 - instabot version: 0.117.0 (api) - DEBUG - GET to endpoint: feed/user/4419328098/?max_id=1515543647772729636_4419328098&min_timestamp=None&rank_token=4419328098_60673090-8b05-4f7f-9a51-8fbc4792eb73&ranked_content=true returned response: <Response [200]>
2020-12-27 11:24:43,724 - instabot version: 0.117.0 (api) - DEBUG - GET to endpoint: feed/user/4419328098/?max_id=1510491884019492329_4419328098&min_timestamp=None&rank_token=4419328098_60673090-8b05-4f7f-9a51-8fbc4792eb73&ranked_content=true returned response: <Response [200]>
2020-12-27 11:24:43,730 - instabot version: 0.117.0 (bot_archive) - INFO - Going to archive 30 medias.
2020-12-27 11:24:48,054 - instabot version: 0.117.0 (api) - DEBUG - GET to endpoint: media/1/info/ returned response: <Response [400]>
2020-12-27 11:24:48,054 - instabot version: 0.117.0 (api) - DEBUG - Responsecode indicates error; response content: b'{"message": "Media not found or unavailable", "status": "fail"}'
2020-12-27 11:24:48,054 - instabot version: 0.117.0 (api) - ERROR - Request returns 400 error!
2020-12-27 11:24:48,055 - instabot version: 0.117.0 (api) - INFO - Instagram's error message: Media not found or unavailable
2020-12-27 11:24:48,055 - instabot version: 0.117.0 (api) - INFO - Instagram's error message: {}
2020-12-27 11:24:48,055 - instabot version: 0.117.0 (bot_get) - INFO - Media with 1 not found.
2020-12-27 11:28:50,792 - instabot version: 0.117.0 (bot_checkpoint) - DEBUG - Saving Checkpoint file to: C:\Users\giuli\OneDrive\Desktop\DEV\insta bot - python/config/dirtshion.checkpoint
2020-12-27 11:28:50,792 - instabot version: 0.117.0 (bot) - INFO - Total requests: 100
