2020-12-27 11:28:55,775 - instabot version: 0.117.0 (bot) - INFO - Instabot version: 0.117.0 Started
2020-12-27 11:28:55,775 - instabot version: 0.117.0 (bot) - DEBUG - Bot imported from C:\Python39\lib\site-packages\instabot\bot\bot.py
2020-12-27 11:28:55,776 - instabot version: 0.117.0 (api_login) - DEBUG - Loading cookies
2020-12-27 11:28:55,776 - instabot version: 0.117.0 (api_login) - DEBUG - Loading uuids
2020-12-27 11:28:55,776 - instabot version: 0.117.0 (api_login) - INFO - Recovery from C:\Users\giuli\OneDrive\Desktop\DEV\insta bot - python/config/dirtshion_uuid_and_cookie.json: COOKIE True - UUIDs True - TIMING, DEVICE and ...
- user-agent=Instagram 117.0.0.28.123 Android (28/9.0; 420dpi; 1080x1920; OnePlus; ONEPLUS A3003; OnePlus3; qcom; en_US; 180322800)
- phone_id=83eb7496-c7b9-4e5c-aeec-698addc35892
- uuid=60673090-8b05-4f7f-9a51-8fbc4792eb73
- client_session_id=852475c3-246a-44c2-ab49-2a8545297883
- device_id=android-72b5bbaadd902453
2020-12-27 11:28:55,785 - instabot version: 0.117.0 (api_login) - INFO - LOGIN FLOW! Just logged-in: False
2020-12-27 11:28:59,043 - instabot version: 0.117.0 (api) - DEBUG - POST to endpoint: feed/timeline/ returned response: <Response [200]>
2020-12-27 11:29:00,070 - instabot version: 0.117.0 (api) - DEBUG - POST to endpoint: feed/reels_tray/ returned response: <Response [200]>
2020-12-27 11:29:00,071 - instabot version: 0.117.0 (api) - INFO - Logged-in successfully as 'dirtshion'!
2020-12-27 11:29:00,072 - instabot version: 0.117.0 (bot_checkpoint) - DEBUG - Loading Checkpoint file from: C:\Users\giuli\OneDrive\Desktop\DEV\insta bot - python/config/dirtshion.checkpoint
2020-12-27 11:29:00,693 - instabot version: 0.117.0 (api) - DEBUG - GET to endpoint: feed/user/4419328098/?max_id=&min_timestamp=None&rank_token=4419328098_60673090-8b05-4f7f-9a51-8fbc4792eb73&ranked_content=true returned response: <Response [200]>
2020-12-27 11:29:01,441 - instabot version: 0.117.0 (api) - DEBUG - GET to endpoint: feed/user/4419328098/?max_id=1943242767540329284_4419328098&min_timestamp=None&rank_token=4419328098_60673090-8b05-4f7f-9a51-8fbc4792eb73&ranked_content=true returned response: <Response [200]>
2020-12-27 11:29:02,210 - instabot version: 0.117.0 (api) - DEBUG - GET to endpoint: feed/user/4419328098/?max_id=1936781715915142851_4419328098&min_timestamp=None&rank_token=4419328098_60673090-8b05-4f7f-9a51-8fbc4792eb73&ranked_content=true returned response: <Response [200]>
2020-12-27 11:29:02,833 - instabot version: 0.117.0 (api) - DEBUG - GET to endpoint: feed/user/4419328098/?max_id=1929406008842949402_4419328098&min_timestamp=None&rank_token=4419328098_60673090-8b05-4f7f-9a51-8fbc4792eb73&ranked_content=true returned response: <Response [200]>
2020-12-27 11:29:03,417 - instabot version: 0.117.0 (api) - DEBUG - GET to endpoint: feed/user/4419328098/?max_id=1922233754858274761_4419328098&min_timestamp=None&rank_token=4419328098_60673090-8b05-4f7f-9a51-8fbc4792eb73&ranked_content=true returned response: <Response [200]>
2020-12-27 11:29:04,017 - instabot version: 0.117.0 (api) - DEBUG - GET to endpoint: feed/user/4419328098/?max_id=1900034693677797712_4419328098&min_timestamp=None&rank_token=4419328098_60673090-8b05-4f7f-9a51-8fbc4792eb73&ranked_content=true returned response: <Response [200]>
2020-12-27 11:29:05,131 - instabot version: 0.117.0 (api) - DEBUG - GET to endpoint: feed/user/4419328098/?max_id=1882256431413953879_4419328098&min_timestamp=None&rank_token=4419328098_60673090-8b05-4f7f-9a51-8fbc4792eb73&ranked_content=true returned response: <Response [200]>
2020-12-27 11:29:05,810 - instabot version: 0.117.0 (api) - DEBUG - GET to endpoint: feed/user/4419328098/?max_id=1868529433138991231_4419328098&min_timestamp=None&rank_token=4419328098_60673090-8b05-4f7f-9a51-8fbc4792eb73&ranked_content=true returned response: <Response [200]>
2020-12-27 11:29:06,416 - instabot version: 0.117.0 (api) - DEBUG - GET to endpoint: feed/user/4419328098/?max_id=1856793010378043003_4419328098&min_timestamp=None&rank_token=4419328098_60673090-8b05-4f7f-9a51-8fbc4792eb73&ranked_content=true returned response: <Response [200]>
2020-12-27 11:29:07,080 - instabot version: 0.117.0 (api) - DEBUG - GET to endpoint: feed/user/4419328098/?max_id=1846748818910010733_4419328098&min_timestamp=None&rank_token=4419328098_60673090-8b05-4f7f-9a51-8fbc4792eb73&ranked_content=true returned response: <Response [200]>
2020-12-27 11:29:08,191 - instabot version: 0.117.0 (api) - DEBUG - GET to endpoint: feed/user/4419328098/?max_id=1833473034607067696_4419328098&min_timestamp=None&rank_token=4419328098_60673090-8b05-4f7f-9a51-8fbc4792eb73&ranked_content=true returned response: <Response [200]>
2020-12-27 11:29:08,853 - instabot version: 0.117.0 (api) - DEBUG - GET to endpoint: feed/user/4419328098/?max_id=1818472016919963907_4419328098&min_timestamp=None&rank_token=4419328098_60673090-8b05-4f7f-9a51-8fbc4792eb73&ranked_content=true returned response: <Response [200]>
2020-12-27 11:29:09,513 - instabot version: 0.117.0 (api) - DEBUG - GET to endpoint: feed/user/4419328098/?max_id=1812684128445798594_4419328098&min_timestamp=None&rank_token=4419328098_60673090-8b05-4f7f-9a51-8fbc4792eb73&ranked_content=true returned response: <Response [200]>
2020-12-27 11:29:10,192 - instabot version: 0.117.0 (api) - DEBUG - GET to endpoint: feed/user/4419328098/?max_id=1795201858088749113_4419328098&min_timestamp=None&rank_token=4419328098_60673090-8b05-4f7f-9a51-8fbc4792eb73&ranked_content=true returned response: <Response [200]>
2020-12-27 11:29:10,801 - instabot version: 0.117.0 (api) - DEBUG - GET to endpoint: feed/user/4419328098/?max_id=1773617534747048567_4419328098&min_timestamp=None&rank_token=4419328098_60673090-8b05-4f7f-9a51-8fbc4792eb73&ranked_content=true returned response: <Response [200]>
2020-12-27 11:29:11,437 - instabot version: 0.117.0 (api) - DEBUG - GET to endpoint: feed/user/4419328098/?max_id=1768148363464682106_4419328098&min_timestamp=None&rank_token=4419328098_60673090-8b05-4f7f-9a51-8fbc4792eb73&ranked_content=true returned response: <Response [200]>
2020-12-27 11:29:12,060 - instabot version: 0.117.0 (api) - DEBUG - GET to endpoint: feed/user/4419328098/?max_id=1760304973161136436_4419328098&min_timestamp=None&rank_token=4419328098_60673090-8b05-4f7f-9a51-8fbc4792eb73&ranked_content=true returned response: <Response [200]>
2020-12-27 11:29:12,762 - instabot version: 0.117.0 (api) - DEBUG - GET to endpoint: feed/user/4419328098/?max_id=1751497113035805917_4419328098&min_timestamp=None&rank_token=4419328098_60673090-8b05-4f7f-9a51-8fbc4792eb73&ranked_content=true returned response: <Response [200]>
2020-12-27 11:29:13,392 - instabot version: 0.117.0 (api) - DEBUG - GET to endpoint: feed/user/4419328098/?max_id=1746394061157062981_4419328098&min_timestamp=None&rank_token=4419328098_60673090-8b05-4f7f-9a51-8fbc4792eb73&ranked_content=true returned response: <Response [200]>
2020-12-27 11:29:14,033 - instabot version: 0.117.0 (api) - DEBUG - GET to endpoint: feed/user/4419328098/?max_id=1742178937286295624_4419328098&min_timestamp=None&rank_token=4419328098_60673090-8b05-4f7f-9a51-8fbc4792eb73&ranked_content=true returned response: <Response [200]>
2020-12-27 11:29:14,801 - instabot version: 0.117.0 (api) - DEBUG - GET to endpoint: feed/user/4419328098/?max_id=1732974975840555676_4419328098&min_timestamp=None&rank_token=4419328098_60673090-8b05-4f7f-9a51-8fbc4792eb73&ranked_content=true returned response: <Response [200]>
2020-12-27 11:29:15,417 - instabot version: 0.117.0 (api) - DEBUG - GET to endpoint: feed/user/4419328098/?max_id=1727198721157860147_4419328098&min_timestamp=None&rank_token=4419328098_60673090-8b05-4f7f-9a51-8fbc4792eb73&ranked_content=true returned response: <Response [200]>
2020-12-27 11:29:16,110 - instabot version: 0.117.0 (api) - DEBUG - GET to endpoint: feed/user/4419328098/?max_id=1722440494234871980_4419328098&min_timestamp=None&rank_token=4419328098_60673090-8b05-4f7f-9a51-8fbc4792eb73&ranked_content=true returned response: <Response [200]>
2020-12-27 11:29:16,942 - instabot version: 0.117.0 (api) - DEBUG - GET to endpoint: feed/user/4419328098/?max_id=1718269340125446041_4419328098&min_timestamp=None&rank_token=4419328098_60673090-8b05-4f7f-9a51-8fbc4792eb73&ranked_content=true returned response: <Response [200]>
2020-12-27 11:29:17,627 - instabot version: 0.117.0 (api) - DEBUG - GET to endpoint: feed/user/4419328098/?max_id=1713800759471932032_4419328098&min_timestamp=None&rank_token=4419328098_60673090-8b05-4f7f-9a51-8fbc4792eb73&ranked_content=true returned response: <Response [200]>
2020-12-27 11:29:18,250 - instabot version: 0.117.0 (api) - DEBUG - GET to endpoint: feed/user/4419328098/?max_id=1706868752586117697_4419328098&min_timestamp=None&rank_token=4419328098_60673090-8b05-4f7f-9a51-8fbc4792eb73&ranked_content=true returned response: <Response [200]>
2020-12-27 11:29:18,971 - instabot version: 0.117.0 (api) - DEBUG - GET to endpoint: feed/user/4419328098/?max_id=1702489547098358973_4419328098&min_timestamp=None&rank_token=4419328098_60673090-8b05-4f7f-9a51-8fbc4792eb73&ranked_content=true returned response: <Response [200]>
2020-12-27 11:29:19,632 - instabot version: 0.117.0 (api) - DEBUG - GET to endpoint: feed/user/4419328098/?max_id=1698865101582271698_4419328098&min_timestamp=None&rank_token=4419328098_60673090-8b05-4f7f-9a51-8fbc4792eb73&ranked_content=true returned response: <Response [200]>
2020-12-27 11:29:20,331 - instabot version: 0.117.0 (api) - DEBUG - GET to endpoint: feed/user/4419328098/?max_id=1694255346939273320_4419328098&min_timestamp=None&rank_token=4419328098_60673090-8b05-4f7f-9a51-8fbc4792eb73&ranked_content=true returned response: <Response [200]>
2020-12-27 11:29:21,039 - instabot version: 0.117.0 (api) - DEBUG - GET to endpoint: feed/user/4419328098/?max_id=1690727272721310790_4419328098&min_timestamp=None&rank_token=4419328098_60673090-8b05-4f7f-9a51-8fbc4792eb73&ranked_content=true returned response: <Response [200]>
2020-12-27 11:29:21,771 - instabot version: 0.117.0 (api) - DEBUG - GET to endpoint: feed/user/4419328098/?max_id=1685638118559839389_4419328098&min_timestamp=None&rank_token=4419328098_60673090-8b05-4f7f-9a51-8fbc4792eb73&ranked_content=true returned response: <Response [200]>
2020-12-27 11:29:22,491 - instabot version: 0.117.0 (api) - DEBUG - GET to endpoint: feed/user/4419328098/?max_id=1680244860111343982_4419328098&min_timestamp=None&rank_token=4419328098_60673090-8b05-4f7f-9a51-8fbc4792eb73&ranked_content=true returned response: <Response [200]>
2020-12-27 11:29:23,173 - instabot version: 0.117.0 (api) - DEBUG - GET to endpoint: feed/user/4419328098/?max_id=1672429408484184533_4419328098&min_timestamp=None&rank_token=4419328098_60673090-8b05-4f7f-9a51-8fbc4792eb73&ranked_content=true returned response: <Response [200]>
2020-12-27 11:29:23,811 - instabot version: 0.117.0 (api) - DEBUG - GET to endpoint: feed/user/4419328098/?max_id=1664598502801307568_4419328098&min_timestamp=None&rank_token=4419328098_60673090-8b05-4f7f-9a51-8fbc4792eb73&ranked_content=true returned response: <Response [200]>
2020-12-27 11:29:24,641 - instabot version: 0.117.0 (api) - DEBUG - GET to endpoint: feed/user/4419328098/?max_id=1658254138374208208_4419328098&min_timestamp=None&rank_token=4419328098_60673090-8b05-4f7f-9a51-8fbc4792eb73&ranked_content=true returned response: <Response [200]>
2020-12-27 11:29:25,320 - instabot version: 0.117.0 (api) - DEBUG - GET to endpoint: feed/user/4419328098/?max_id=1648849240675242705_4419328098&min_timestamp=None&rank_token=4419328098_60673090-8b05-4f7f-9a51-8fbc4792eb73&ranked_content=true returned response: <Response [200]>
2020-12-27 11:29:26,001 - instabot version: 0.117.0 (api) - DEBUG - GET to endpoint: feed/user/4419328098/?max_id=1640831803421654598_4419328098&min_timestamp=None&rank_token=4419328098_60673090-8b05-4f7f-9a51-8fbc4792eb73&ranked_content=true returned response: <Response [200]>
2020-12-27 11:29:26,712 - instabot version: 0.117.0 (api) - DEBUG - GET to endpoint: feed/user/4419328098/?max_id=1634740997699052489_4419328098&min_timestamp=None&rank_token=4419328098_60673090-8b05-4f7f-9a51-8fbc4792eb73&ranked_content=true returned response: <Response [200]>
2020-12-27 11:29:27,771 - instabot version: 0.117.0 (api) - DEBUG - GET to endpoint: feed/user/4419328098/?max_id=1629988673394955124_4419328098&min_timestamp=None&rank_token=4419328098_60673090-8b05-4f7f-9a51-8fbc4792eb73&ranked_content=true returned response: <Response [200]>
2020-12-27 11:29:28,591 - instabot version: 0.117.0 (api) - DEBUG - GET to endpoint: feed/user/4419328098/?max_id=1625275253701730623_4419328098&min_timestamp=None&rank_token=4419328098_60673090-8b05-4f7f-9a51-8fbc4792eb73&ranked_content=true returned response: <Response [200]>
2020-12-27 11:29:29,350 - instabot version: 0.117.0 (api) - DEBUG - GET to endpoint: feed/user/4419328098/?max_id=1620702129207267431_4419328098&min_timestamp=None&rank_token=4419328098_60673090-8b05-4f7f-9a51-8fbc4792eb73&ranked_content=true returned response: <Response [200]>
2020-12-27 11:29:30,103 - instabot version: 0.117.0 (api) - DEBUG - GET to endpoint: feed/user/4419328098/?max_id=1616312021037091068_4419328098&min_timestamp=None&rank_token=4419328098_60673090-8b05-4f7f-9a51-8fbc4792eb73&ranked_content=true returned response: <Response [200]>
2020-12-27 11:29:30,800 - instabot version: 0.117.0 (api) - DEBUG - GET to endpoint: feed/user/4419328098/?max_id=1611950287526731456_4419328098&min_timestamp=None&rank_token=4419328098_60673090-8b05-4f7f-9a51-8fbc4792eb73&ranked_content=true returned response: <Response [200]>
2020-12-27 11:29:31,670 - instabot version: 0.117.0 (api) - DEBUG - GET to endpoint: feed/user/4419328098/?max_id=1608032014254930415_4419328098&min_timestamp=None&rank_token=4419328098_60673090-8b05-4f7f-9a51-8fbc4792eb73&ranked_content=true returned response: <Response [200]>
2020-12-27 11:29:32,260 - instabot version: 0.117.0 (api) - DEBUG - GET to endpoint: feed/user/4419328098/?max_id=1604364783809507789_4419328098&min_timestamp=None&rank_token=4419328098_60673090-8b05-4f7f-9a51-8fbc4792eb73&ranked_content=true returned response: <Response [200]>
2020-12-27 11:29:32,952 - instabot version: 0.117.0 (api) - DEBUG - GET to endpoint: feed/user/4419328098/?max_id=1600330087312329558_4419328098&min_timestamp=None&rank_token=4419328098_60673090-8b05-4f7f-9a51-8fbc4792eb73&ranked_content=true returned response: <Response [200]>
2020-12-27 11:29:33,600 - instabot version: 0.117.0 (api) - DEBUG - GET to endpoint: feed/user/4419328098/?max_id=1597012504727021338_4419328098&min_timestamp=None&rank_token=4419328098_60673090-8b05-4f7f-9a51-8fbc4792eb73&ranked_content=true returned response: <Response [200]>
2020-12-27 11:29:34,240 - instabot version: 0.117.0 (api) - DEBUG - GET to endpoint: feed/user/4419328098/?max_id=1594429063359646882_4419328098&min_timestamp=None&rank_token=4419328098_60673090-8b05-4f7f-9a51-8fbc4792eb73&ranked_content=true returned response: <Response [200]>
2020-12-27 11:29:34,913 - instabot version: 0.117.0 (api) - DEBUG - GET to endpoint: feed/user/4419328098/?max_id=1592116222866862828_4419328098&min_timestamp=None&rank_token=4419328098_60673090-8b05-4f7f-9a51-8fbc4792eb73&ranked_content=true returned response: <Response [200]>
2020-12-27 11:29:35,637 - instabot version: 0.117.0 (api) - DEBUG - GET to endpoint: feed/user/4419328098/?max_id=1589171649811101769_4419328098&min_timestamp=None&rank_token=4419328098_60673090-8b05-4f7f-9a51-8fbc4792eb73&ranked_content=true returned response: <Response [200]>
2020-12-27 11:29:36,340 - instabot version: 0.117.0 (api) - DEBUG - GET to endpoint: feed/user/4419328098/?max_id=1587033976396912508_4419328098&min_timestamp=None&rank_token=4419328098_60673090-8b05-4f7f-9a51-8fbc4792eb73&ranked_content=true returned response: <Response [200]>
2020-12-27 11:29:37,000 - instabot version: 0.117.0 (api) - DEBUG - GET to endpoint: feed/user/4419328098/?max_id=1584240625599677470_4419328098&min_timestamp=None&rank_token=4419328098_60673090-8b05-4f7f-9a51-8fbc4792eb73&ranked_content=true returned response: <Response [200]>
2020-12-27 11:29:37,629 - instabot version: 0.117.0 (api) - DEBUG - GET to endpoint: feed/user/4419328098/?max_id=1582174827036557823_4419328098&min_timestamp=None&rank_token=4419328098_60673090-8b05-4f7f-9a51-8fbc4792eb73&ranked_content=true returned response: <Response [200]>
2020-12-27 11:29:38,287 - instabot version: 0.117.0 (api) - DEBUG - GET to endpoint: feed/user/4419328098/?max_id=1579353720978052970_4419328098&min_timestamp=None&rank_token=4419328098_60673090-8b05-4f7f-9a51-8fbc4792eb73&ranked_content=true returned response: <Response [200]>
2020-12-27 11:29:39,005 - instabot version: 0.117.0 (api) - DEBUG - GET to endpoint: feed/user/4419328098/?max_id=1576483687012693085_4419328098&min_timestamp=None&rank_token=4419328098_60673090-8b05-4f7f-9a51-8fbc4792eb73&ranked_content=true returned response: <Response [200]>
2020-12-27 11:29:39,634 - instabot version: 0.117.0 (api) - DEBUG - GET to endpoint: feed/user/4419328098/?max_id=1572448705260686146_4419328098&min_timestamp=None&rank_token=4419328098_60673090-8b05-4f7f-9a51-8fbc4792eb73&ranked_content=true returned response: <Response [200]>
2020-12-27 11:29:40,260 - instabot version: 0.117.0 (api) - DEBUG - GET to endpoint: feed/user/4419328098/?max_id=1569073971349258670_4419328098&min_timestamp=None&rank_token=4419328098_60673090-8b05-4f7f-9a51-8fbc4792eb73&ranked_content=true returned response: <Response [200]>
2020-12-27 11:29:40,912 - instabot version: 0.117.0 (api) - DEBUG - GET to endpoint: feed/user/4419328098/?max_id=1564067213350492655_4419328098&min_timestamp=None&rank_token=4419328098_60673090-8b05-4f7f-9a51-8fbc4792eb73&ranked_content=true returned response: <Response [200]>
2020-12-27 11:29:41,542 - instabot version: 0.117.0 (api) - DEBUG - GET to endpoint: feed/user/4419328098/?max_id=1558743037538410643_4419328098&min_timestamp=None&rank_token=4419328098_60673090-8b05-4f7f-9a51-8fbc4792eb73&ranked_content=true returned response: <Response [200]>
2020-12-27 11:29:42,293 - instabot version: 0.117.0 (api) - DEBUG - GET to endpoint: feed/user/4419328098/?max_id=1553616270301455795_4419328098&min_timestamp=None&rank_token=4419328098_60673090-8b05-4f7f-9a51-8fbc4792eb73&ranked_content=true returned response: <Response [200]>
2020-12-27 11:29:43,121 - instabot version: 0.117.0 (api) - DEBUG - GET to endpoint: feed/user/4419328098/?max_id=1547342304079270935_4419328098&min_timestamp=None&rank_token=4419328098_60673090-8b05-4f7f-9a51-8fbc4792eb73&ranked_content=true returned response: <Response [200]>
2020-12-27 11:29:43,801 - instabot version: 0.117.0 (api) - DEBUG - GET to endpoint: feed/user/4419328098/?max_id=1543552922331452969_4419328098&min_timestamp=None&rank_token=4419328098_60673090-8b05-4f7f-9a51-8fbc4792eb73&ranked_content=true returned response: <Response [200]>
2020-12-27 11:29:44,472 - instabot version: 0.117.0 (api) - DEBUG - GET to endpoint: feed/user/4419328098/?max_id=1537314319519477555_4419328098&min_timestamp=None&rank_token=4419328098_60673090-8b05-4f7f-9a51-8fbc4792eb73&ranked_content=true returned response: <Response [200]>
2020-12-27 11:29:45,150 - instabot version: 0.117.0 (api) - DEBUG - GET to endpoint: feed/user/4419328098/?max_id=1532201626194271924_4419328098&min_timestamp=None&rank_token=4419328098_60673090-8b05-4f7f-9a51-8fbc4792eb73&ranked_content=true returned response: <Response [200]>
2020-12-27 11:29:45,849 - instabot version: 0.117.0 (api) - DEBUG - GET to endpoint: feed/user/4419328098/?max_id=1526368914644660249_4419328098&min_timestamp=None&rank_token=4419328098_60673090-8b05-4f7f-9a51-8fbc4792eb73&ranked_content=true returned response: <Response [200]>
2020-12-27 11:29:46,551 - instabot version: 0.117.0 (api) - DEBUG - GET to endpoint: feed/user/4419328098/?max_id=1520433601434691643_4419328098&min_timestamp=None&rank_token=4419328098_60673090-8b05-4f7f-9a51-8fbc4792eb73&ranked_content=true returned response: <Response [200]>
2020-12-27 11:29:47,233 - instabot version: 0.117.0 (api) - DEBUG - GET to endpoint: feed/user/4419328098/?max_id=1515543647772729636_4419328098&min_timestamp=None&rank_token=4419328098_60673090-8b05-4f7f-9a51-8fbc4792eb73&ranked_content=true returned response: <Response [200]>
2020-12-27 11:29:47,766 - instabot version: 0.117.0 (api) - DEBUG - GET to endpoint: feed/user/4419328098/?max_id=1510491884019492329_4419328098&min_timestamp=None&rank_token=4419328098_60673090-8b05-4f7f-9a51-8fbc4792eb73&ranked_content=true returned response: <Response [200]>
2020-12-27 11:29:51,354 - instabot version: 0.117.0 (api) - DEBUG - GET to endpoint: media/1986985731495950492_4419328098/info/ returned response: <Response [200]>
2020-12-27 11:29:52,276 - instabot version: 0.117.0 (api) - DEBUG - POST to endpoint: media/1986985731495950492_4419328098/only_me/?media_type=1 returned response: <Response [200]>
2020-12-27 11:30:01,725 - instabot version: 0.117.0 (api) - DEBUG - GET to endpoint: media/1975731007018971121_4419328098/info/ returned response: <Response [200]>
2020-12-27 11:30:02,205 - instabot version: 0.117.0 (api) - DEBUG - POST to endpoint: media/1975731007018971121_4419328098/only_me/?media_type=1 returned response: <Response [200]>
2020-12-27 11:30:14,882 - instabot version: 0.117.0 (api) - DEBUG - GET to endpoint: media/1953389988050975658_4419328098/info/ returned response: <Response [200]>
2020-12-27 11:30:17,895 - instabot version: 0.117.0 (api) - DEBUG - POST to endpoint: media/1953389988050975658_4419328098/only_me/?media_type=1 returned response: <Response [200]>
2020-12-27 11:30:26,496 - instabot version: 0.117.0 (api) - DEBUG - GET to endpoint: media/1951638650384442084_4419328098/info/ returned response: <Response [200]>
2020-12-27 11:30:27,842 - instabot version: 0.117.0 (api) - DEBUG - POST to endpoint: media/1951638650384442084_4419328098/only_me/?media_type=1 returned response: <Response [200]>
2020-12-27 11:30:35,725 - instabot version: 0.117.0 (api) - DEBUG - GET to endpoint: media/1951385797304524607_4419328098/info/ returned response: <Response [200]>
2020-12-27 11:30:36,241 - instabot version: 0.117.0 (api) - DEBUG - POST to endpoint: media/1951385797304524607_4419328098/only_me/?media_type=1 returned response: <Response [200]>
2020-12-27 11:30:48,866 - instabot version: 0.117.0 (api) - DEBUG - GET to endpoint: media/1951272981247655634_4419328098/info/ returned response: <Response [200]>
2020-12-27 11:30:49,490 - instabot version: 0.117.0 (api) - DEBUG - POST to endpoint: media/1951272981247655634_4419328098/only_me/?media_type=1 returned response: <Response [200]>
2020-12-27 11:31:04,249 - instabot version: 0.117.0 (api) - DEBUG - GET to endpoint: media/1950879193555641145_4419328098/info/ returned response: <Response [200]>
2020-12-27 11:31:04,870 - instabot version: 0.117.0 (api) - DEBUG - POST to endpoint: media/1950879193555641145_4419328098/only_me/?media_type=1 returned response: <Response [200]>
2020-12-27 11:31:18,531 - instabot version: 0.117.0 (api) - DEBUG - GET to endpoint: media/1950398259358281368_4419328098/info/ returned response: <Response [200]>
2020-12-27 11:31:19,145 - instabot version: 0.117.0 (api) - DEBUG - POST to endpoint: media/1950398259358281368_4419328098/only_me/?media_type=1 returned response: <Response [200]>
2020-12-27 11:31:32,710 - instabot version: 0.117.0 (api) - DEBUG - GET to endpoint: media/1950398130869814735_4419328098/info/ returned response: <Response [200]>
2020-12-27 11:31:33,305 - instabot version: 0.117.0 (api) - DEBUG - POST to endpoint: media/1950398130869814735_4419328098/only_me/?media_type=1 returned response: <Response [200]>
2020-12-27 11:31:46,682 - instabot version: 0.117.0 (api) - DEBUG - GET to endpoint: media/1950321715465965631_4419328098/info/ returned response: <Response [200]>
2020-12-27 11:31:47,151 - instabot version: 0.117.0 (api) - DEBUG - POST to endpoint: media/1950321715465965631_4419328098/only_me/?media_type=1 returned response: <Response [200]>
2020-12-27 11:31:56,201 - instabot version: 0.117.0 (api) - DEBUG - GET to endpoint: media/1950290409961046022_4419328098/info/ returned response: <Response [200]>
2020-12-27 11:31:56,843 - instabot version: 0.117.0 (api) - DEBUG - POST to endpoint: media/1950290409961046022_4419328098/only_me/?media_type=1 returned response: <Response [200]>
2020-12-27 11:32:11,311 - instabot version: 0.117.0 (api) - DEBUG - GET to endpoint: media/1950288873679788761_4419328098/info/ returned response: <Response [200]>
2020-12-27 11:32:11,821 - instabot version: 0.117.0 (api) - DEBUG - POST to endpoint: media/1950288873679788761_4419328098/only_me/?media_type=1 returned response: <Response [200]>
2020-12-27 11:32:25,720 - instabot version: 0.117.0 (api) - DEBUG - GET to endpoint: media/1946901534182043777_4419328098/info/ returned response: <Response [200]>
2020-12-27 11:32:26,305 - instabot version: 0.117.0 (api) - DEBUG - POST to endpoint: media/1946901534182043777_4419328098/only_me/?media_type=1 returned response: <Response [200]>
2020-12-27 11:32:42,925 - instabot version: 0.117.0 (api) - DEBUG - GET to endpoint: media/1946259923387408682_4419328098/info/ returned response: <Response [200]>
2020-12-27 11:32:43,490 - instabot version: 0.117.0 (api) - DEBUG - POST to endpoint: media/1946259923387408682_4419328098/only_me/?media_type=1 returned response: <Response [200]>
2020-12-27 11:33:00,069 - instabot version: 0.117.0 (api) - DEBUG - GET to endpoint: media/1943989420333242246_4419328098/info/ returned response: <Response [200]>
2020-12-27 11:33:00,667 - instabot version: 0.117.0 (api) - DEBUG - POST to endpoint: media/1943989420333242246_4419328098/only_me/?media_type=1 returned response: <Response [200]>
2020-12-27 11:33:17,465 - instabot version: 0.117.0 (api) - DEBUG - GET to endpoint: media/1943799255824562551_4419328098/info/ returned response: <Response [200]>
2020-12-27 11:33:18,294 - instabot version: 0.117.0 (api) - DEBUG - POST to endpoint: media/1943799255824562551_4419328098/only_me/?media_type=1 returned response: <Response [200]>
2020-12-27 11:33:30,774 - instabot version: 0.117.0 (api) - DEBUG - GET to endpoint: media/1943243245019798755_4419328098/info/ returned response: <Response [200]>
2020-12-27 11:33:31,320 - instabot version: 0.117.0 (api) - DEBUG - POST to endpoint: media/1943243245019798755_4419328098/only_me/?media_type=1 returned response: <Response [200]>
2020-12-27 11:33:39,262 - instabot version: 0.117.0 (api) - DEBUG - GET to endpoint: media/1943242767540329284_4419328098/info/ returned response: <Response [200]>
2020-12-27 11:33:40,109 - instabot version: 0.117.0 (api) - DEBUG - POST to endpoint: media/1943242767540329284_4419328098/only_me/?media_type=1 returned response: <Response [200]>
2020-12-27 11:33:52,614 - instabot version: 0.117.0 (api) - DEBUG - GET to endpoint: media/1942592938870952073_4419328098/info/ returned response: <Response [200]>
2020-12-27 11:33:53,210 - instabot version: 0.117.0 (api) - DEBUG - POST to endpoint: media/1942592938870952073_4419328098/only_me/?media_type=1 returned response: <Response [200]>
2020-12-27 11:34:07,850 - instabot version: 0.117.0 (api) - DEBUG - GET to endpoint: media/1942536786736892030_4419328098/info/ returned response: <Response [200]>
2020-12-27 11:34:08,454 - instabot version: 0.117.0 (api) - DEBUG - POST to endpoint: media/1942536786736892030_4419328098/only_me/?media_type=1 returned response: <Response [200]>
2020-12-27 11:34:21,845 - instabot version: 0.117.0 (api) - DEBUG - GET to endpoint: media/1941791598267696197_4419328098/info/ returned response: <Response [200]>
2020-12-27 11:34:22,483 - instabot version: 0.117.0 (api) - DEBUG - POST to endpoint: media/1941791598267696197_4419328098/only_me/?media_type=1 returned response: <Response [200]>
2020-12-27 11:34:37,951 - instabot version: 0.117.0 (api) - DEBUG - GET to endpoint: media/1941053369558103537_4419328098/info/ returned response: <Response [200]>
2020-12-27 11:34:38,443 - instabot version: 0.117.0 (api) - DEBUG - POST to endpoint: media/1941053369558103537_4419328098/only_me/?media_type=1 returned response: <Response [200]>
2020-12-27 11:34:46,970 - instabot version: 0.117.0 (api) - DEBUG - GET to endpoint: media/1940848494945712688_4419328098/info/ returned response: <Response [200]>
2020-12-27 11:34:47,499 - instabot version: 0.117.0 (api) - DEBUG - POST to endpoint: media/1940848494945712688_4419328098/only_me/?media_type=1 returned response: <Response [200]>
2020-12-27 11:34:54,340 - instabot version: 0.117.0 (api) - DEBUG - GET to endpoint: media/1940807915280950389_4419328098/info/ returned response: <Response [200]>
2020-12-27 11:34:55,686 - instabot version: 0.117.0 (api) - DEBUG - POST to endpoint: media/1940807915280950389_4419328098/only_me/?media_type=1 returned response: <Response [200]>
2020-12-27 11:35:08,379 - instabot version: 0.117.0 (api) - DEBUG - GET to endpoint: media/1939695320260073627_4419328098/info/ returned response: <Response [200]>
2020-12-27 11:35:08,953 - instabot version: 0.117.0 (api) - DEBUG - POST to endpoint: media/1939695320260073627_4419328098/only_me/?media_type=1 returned response: <Response [200]>
2020-12-27 11:35:22,233 - instabot version: 0.117.0 (api) - DEBUG - GET to endpoint: media/1939288763831484963_4419328098/info/ returned response: <Response [200]>
2020-12-27 11:35:22,809 - instabot version: 0.117.0 (api) - DEBUG - POST to endpoint: media/1939288763831484963_4419328098/only_me/?media_type=1 returned response: <Response [200]>
2020-12-27 11:35:33,939 - instabot version: 0.117.0 (api) - DEBUG - GET to endpoint: media/1938812792804219360_4419328098/info/ returned response: <Response [200]>
2020-12-27 11:35:34,634 - instabot version: 0.117.0 (api) - DEBUG - POST to endpoint: media/1938812792804219360_4419328098/only_me/?media_type=1 returned response: <Response [200]>
2020-12-27 11:35:50,985 - instabot version: 0.117.0 (api) - DEBUG - GET to endpoint: media/1938812532623334377_4419328098/info/ returned response: <Response [200]>
2020-12-27 11:35:51,418 - instabot version: 0.117.0 (api) - DEBUG - POST to endpoint: media/1938812532623334377_4419328098/only_me/?media_type=1 returned response: <Response [200]>
2020-12-27 11:36:04,752 - instabot version: 0.117.0 (api) - DEBUG - GET to endpoint: media/1938628468176001544_4419328098/info/ returned response: <Response [200]>
2020-12-27 11:36:05,263 - instabot version: 0.117.0 (api) - DEBUG - POST to endpoint: media/1938628468176001544_4419328098/only_me/?media_type=1 returned response: <Response [200]>
2020-12-27 11:36:11,589 - instabot version: 0.117.0 (api) - DEBUG - GET to endpoint: media/1938561002326216065_4419328098/info/ returned response: <Response [200]>
2020-12-27 11:36:12,430 - instabot version: 0.117.0 (api) - DEBUG - POST to endpoint: media/1938561002326216065_4419328098/only_me/?media_type=1 returned response: <Response [200]>
2020-12-27 11:36:21,489 - instabot version: 0.117.0 (api) - DEBUG - GET to endpoint: media/1938000531902788615_4419328098/info/ returned response: <Response [200]>
2020-12-27 11:36:21,940 - instabot version: 0.117.0 (api) - DEBUG - POST to endpoint: media/1938000531902788615_4419328098/only_me/?media_type=1 returned response: <Response [200]>
2020-12-27 11:36:35,829 - instabot version: 0.117.0 (api) - DEBUG - GET to endpoint: media/1937846853401073877_4419328098/info/ returned response: <Response [200]>
2020-12-27 11:36:36,422 - instabot version: 0.117.0 (api) - DEBUG - POST to endpoint: media/1937846853401073877_4419328098/only_me/?media_type=1 returned response: <Response [200]>
2020-12-27 11:36:44,599 - instabot version: 0.117.0 (api) - DEBUG - GET to endpoint: media/1937362109618180087_4419328098/info/ returned response: <Response [200]>
2020-12-27 11:36:45,073 - instabot version: 0.117.0 (api) - DEBUG - POST to endpoint: media/1937362109618180087_4419328098/only_me/?media_type=1 returned response: <Response [200]>
2020-12-27 11:36:56,384 - instabot version: 0.117.0 (api) - DEBUG - GET to endpoint: media/1937086164201941712_4419328098/info/ returned response: <Response [200]>
2020-12-27 11:36:56,878 - instabot version: 0.117.0 (api) - DEBUG - POST to endpoint: media/1937086164201941712_4419328098/only_me/?media_type=1 returned response: <Response [200]>
2020-12-27 11:37:05,713 - instabot version: 0.117.0 (api) - DEBUG - GET to endpoint: media/1936927291449058004_4419328098/info/ returned response: <Response [200]>
2020-12-27 11:37:06,313 - instabot version: 0.117.0 (api) - DEBUG - POST to endpoint: media/1936927291449058004_4419328098/only_me/?media_type=1 returned response: <Response [200]>
2020-12-27 11:37:18,849 - instabot version: 0.117.0 (api) - DEBUG - GET to endpoint: media/1936781715915142851_4419328098/info/ returned response: <Response [200]>
2020-12-27 11:37:19,473 - instabot version: 0.117.0 (api) - DEBUG - POST to endpoint: media/1936781715915142851_4419328098/only_me/?media_type=1 returned response: <Response [200]>
2020-12-27 11:37:35,236 - instabot version: 0.117.0 (api) - DEBUG - GET to endpoint: media/1936763212063317296_4419328098/info/ returned response: <Response [200]>
2020-12-27 11:37:35,668 - instabot version: 0.117.0 (api) - DEBUG - POST to endpoint: media/1936763212063317296_4419328098/only_me/?media_type=1 returned response: <Response [200]>
2020-12-27 11:37:52,689 - instabot version: 0.117.0 (api) - DEBUG - GET to endpoint: media/1936754046351562275_4419328098/info/ returned response: <Response [200]>
2020-12-27 11:37:53,569 - instabot version: 0.117.0 (api) - DEBUG - POST to endpoint: media/1936754046351562275_4419328098/only_me/?media_type=1 returned response: <Response [200]>
2020-12-27 11:38:10,293 - instabot version: 0.117.0 (api) - DEBUG - GET to endpoint: media/1935773665246825857_4419328098/info/ returned response: <Response [200]>
2020-12-27 11:38:10,909 - instabot version: 0.117.0 (api) - DEBUG - POST to endpoint: media/1935773665246825857_4419328098/only_me/?media_type=1 returned response: <Response [200]>
2020-12-27 11:38:28,117 - instabot version: 0.117.0 (api) - DEBUG - GET to endpoint: media/1935612415976042153_4419328098/info/ returned response: <Response [200]>
2020-12-27 11:38:28,668 - instabot version: 0.117.0 (api) - DEBUG - POST to endpoint: media/1935612415976042153_4419328098/only_me/?media_type=1 returned response: <Response [200]>
2020-12-27 11:38:36,928 - instabot version: 0.117.0 (api) - DEBUG - GET to endpoint: media/1935109124334601706_4419328098/info/ returned response: <Response [200]>
2020-12-27 11:38:37,518 - instabot version: 0.117.0 (api) - DEBUG - POST to endpoint: media/1935109124334601706_4419328098/only_me/?media_type=1 returned response: <Response [200]>
2020-12-27 11:38:47,913 - instabot version: 0.117.0 (api) - DEBUG - GET to endpoint: media/1934932950706895586_4419328098/info/ returned response: <Response [200]>
2020-12-27 11:38:48,428 - instabot version: 0.117.0 (api) - DEBUG - POST to endpoint: media/1934932950706895586_4419328098/only_me/?media_type=1 returned response: <Response [200]>
2020-12-27 11:39:05,603 - instabot version: 0.117.0 (api) - DEBUG - GET to endpoint: media/1934632341458057497_4419328098/info/ returned response: <Response [200]>
2020-12-27 11:39:06,148 - instabot version: 0.117.0 (api) - DEBUG - POST to endpoint: media/1934632341458057497_4419328098/only_me/?media_type=1 returned response: <Response [200]>
2020-12-27 11:39:14,441 - instabot version: 0.117.0 (api) - DEBUG - GET to endpoint: media/1933370788205149804_4419328098/info/ returned response: <Response [200]>
2020-12-27 11:39:15,155 - instabot version: 0.117.0 (api) - DEBUG - POST to endpoint: media/1933370788205149804_4419328098/only_me/?media_type=8 returned response: <Response [200]>
2020-12-27 11:39:25,858 - instabot version: 0.117.0 (api) - DEBUG - GET to endpoint: media/1933341390638808605_4419328098/info/ returned response: <Response [200]>
2020-12-27 11:39:26,392 - instabot version: 0.117.0 (api) - DEBUG - POST to endpoint: media/1933341390638808605_4419328098/only_me/?media_type=1 returned response: <Response [200]>
2020-12-27 11:39:32,893 - instabot version: 0.117.0 (api) - DEBUG - GET to endpoint: media/1932774848868094232_4419328098/info/ returned response: <Response [200]>
2020-12-27 11:39:33,538 - instabot version: 0.117.0 (api) - DEBUG - POST to endpoint: media/1932774848868094232_4419328098/only_me/?media_type=1 returned response: <Response [200]>
2020-12-27 11:39:42,728 - instabot version: 0.117.0 (api) - DEBUG - GET to endpoint: media/1932219977429394515_4419328098/info/ returned response: <Response [200]>
2020-12-27 11:39:43,184 - instabot version: 0.117.0 (api) - DEBUG - POST to endpoint: media/1932219977429394515_4419328098/only_me/?media_type=1 returned response: <Response [200]>
2020-12-27 11:39:58,942 - instabot version: 0.117.0 (api) - DEBUG - GET to endpoint: media/1932081033500893454_4419328098/info/ returned response: <Response [200]>
2020-12-27 11:39:59,607 - instabot version: 0.117.0 (api) - DEBUG - POST to endpoint: media/1932081033500893454_4419328098/only_me/?media_type=1 returned response: <Response [200]>
2020-12-27 11:40:15,148 - instabot version: 0.117.0 (api) - DEBUG - GET to endpoint: media/1931992536488128609_4419328098/info/ returned response: <Response [200]>
2020-12-27 11:40:15,713 - instabot version: 0.117.0 (api) - DEBUG - POST to endpoint: media/1931992536488128609_4419328098/only_me/?media_type=1 returned response: <Response [200]>
2020-12-27 11:40:24,381 - instabot version: 0.117.0 (api) - DEBUG - GET to endpoint: media/1931456316867754267_4419328098/info/ returned response: <Response [200]>
2020-12-27 11:40:24,798 - instabot version: 0.117.0 (api) - DEBUG - POST to endpoint: media/1931456316867754267_4419328098/only_me/?media_type=1 returned response: <Response [200]>
2020-12-27 11:40:40,873 - instabot version: 0.117.0 (api) - DEBUG - GET to endpoint: media/1931248742113357871_4419328098/info/ returned response: <Response [200]>
2020-12-27 11:40:41,500 - instabot version: 0.117.0 (api) - DEBUG - POST to endpoint: media/1931248742113357871_4419328098/only_me/?media_type=1 returned response: <Response [200]>
2020-12-27 11:40:49,248 - instabot version: 0.117.0 (api) - DEBUG - GET to endpoint: media/1930968672790551937_4419328098/info/ returned response: <Response [200]>
2020-12-27 11:40:49,881 - instabot version: 0.117.0 (api) - DEBUG - POST to endpoint: media/1930968672790551937_4419328098/only_me/?media_type=1 returned response: <Response [200]>
2020-12-27 11:41:01,688 - instabot version: 0.117.0 (api) - DEBUG - GET to endpoint: media/1930190591985331381_4419328098/info/ returned response: <Response [200]>
2020-12-27 11:41:02,262 - instabot version: 0.117.0 (api) - DEBUG - POST to endpoint: media/1930190591985331381_4419328098/only_me/?media_type=1 returned response: <Response [200]>
2020-12-27 11:41:12,478 - instabot version: 0.117.0 (api) - DEBUG - GET to endpoint: media/1929406008842949402_4419328098/info/ returned response: <Response [200]>
2020-12-27 11:41:13,391 - instabot version: 0.117.0 (api) - DEBUG - POST to endpoint: media/1929406008842949402_4419328098/only_me/?media_type=1 returned response: <Response [200]>
2020-12-27 11:41:26,968 - instabot version: 0.117.0 (api) - DEBUG - GET to endpoint: media/1928328732285876433_4419328098/info/ returned response: <Response [200]>
2020-12-27 11:41:27,571 - instabot version: 0.117.0 (api) - DEBUG - POST to endpoint: media/1928328732285876433_4419328098/only_me/?media_type=1 returned response: <Response [200]>
2020-12-27 11:41:38,357 - instabot version: 0.117.0 (api) - DEBUG - GET to endpoint: media/1927985681319578347_4419328098/info/ returned response: <Response [200]>
2020-12-27 11:41:38,802 - instabot version: 0.117.0 (api) - DEBUG - POST to endpoint: media/1927985681319578347_4419328098/only_me/?media_type=1 returned response: <Response [200]>
2020-12-27 11:41:45,698 - instabot version: 0.117.0 (api) - DEBUG - GET to endpoint: media/1927112386265185995_4419328098/info/ returned response: <Response [200]>
2020-12-27 11:41:46,342 - instabot version: 0.117.0 (api) - DEBUG - POST to endpoint: media/1927112386265185995_4419328098/only_me/?media_type=1 returned response: <Response [200]>
2020-12-27 11:42:02,887 - instabot version: 0.117.0 (api) - DEBUG - GET to endpoint: media/1926424191114226639_4419328098/info/ returned response: <Response [200]>
2020-12-27 11:42:03,697 - instabot version: 0.117.0 (api) - DEBUG - POST to endpoint: media/1926424191114226639_4419328098/only_me/?media_type=1 returned response: <Response [200]>
2020-12-27 11:42:22,480 - instabot version: 0.117.0 (api) - DEBUG - GET to endpoint: media/1925158015595844556_4419328098/info/ returned response: <Response [200]>
2020-12-27 11:42:23,037 - instabot version: 0.117.0 (api) - DEBUG - POST to endpoint: media/1925158015595844556_4419328098/only_me/?media_type=1 returned response: <Response [200]>
2020-12-27 11:42:35,977 - instabot version: 0.117.0 (api) - DEBUG - GET to endpoint: media/1922281711389332816_4419328098/info/ returned response: <Response [200]>
2020-12-27 11:42:37,397 - instabot version: 0.117.0 (api) - DEBUG - POST to endpoint: media/1922281711389332816_4419328098/only_me/?media_type=1 returned response: <Response [200]>
2020-12-27 11:42:46,962 - instabot version: 0.117.0 (api) - DEBUG - GET to endpoint: media/1922279685976490694_4419328098/info/ returned response: <Response [200]>
2020-12-27 11:42:47,650 - instabot version: 0.117.0 (api) - DEBUG - POST to endpoint: media/1922279685976490694_4419328098/only_me/?media_type=1 returned response: <Response [200]>
2020-12-27 11:43:00,767 - instabot version: 0.117.0 (api) - DEBUG - GET to endpoint: media/1922278938996125957_4419328098/info/ returned response: <Response [200]>
2020-12-27 11:43:01,713 - instabot version: 0.117.0 (api) - DEBUG - POST to endpoint: media/1922278938996125957_4419328098/only_me/?media_type=1 returned response: <Response [200]>
2020-12-27 11:43:12,807 - instabot version: 0.117.0 (api) - DEBUG - GET to endpoint: media/1922278013950951503_4419328098/info/ returned response: <Response [200]>
2020-12-27 11:43:13,402 - instabot version: 0.117.0 (api) - DEBUG - POST to endpoint: media/1922278013950951503_4419328098/only_me/?media_type=1 returned response: <Response [200]>
2020-12-27 11:43:23,917 - instabot version: 0.117.0 (api) - DEBUG - GET to endpoint: media/1922276899776077887_4419328098/info/ returned response: <Response [200]>
2020-12-27 11:43:24,851 - instabot version: 0.117.0 (api) - DEBUG - POST to endpoint: media/1922276899776077887_4419328098/only_me/?media_type=1 returned response: <Response [200]>
2020-12-27 11:43:34,709 - instabot version: 0.117.0 (api) - DEBUG - GET to endpoint: media/1922275659939801026_4419328098/info/ returned response: <Response [200]>
2020-12-27 11:43:36,136 - instabot version: 0.117.0 (api) - DEBUG - POST to endpoint: media/1922275659939801026_4419328098/only_me/?media_type=1 returned response: <Response [200]>
2020-12-27 11:43:49,101 - instabot version: 0.117.0 (api) - DEBUG - GET to endpoint: media/1922273427471027280_4419328098/info/ returned response: <Response [200]>
2020-12-27 11:43:49,813 - instabot version: 0.117.0 (api) - DEBUG - POST to endpoint: media/1922273427471027280_4419328098/only_me/?media_type=1 returned response: <Response [200]>
2020-12-27 11:44:06,217 - instabot version: 0.117.0 (api) - DEBUG - GET to endpoint: media/1922268194867214800_4419328098/info/ returned response: <Response [200]>
2020-12-27 11:44:06,850 - instabot version: 0.117.0 (api) - DEBUG - POST to endpoint: media/1922268194867214800_4419328098/only_me/?media_type=1 returned response: <Response [200]>
2020-12-27 11:44:20,250 - instabot version: 0.117.0 (api) - DEBUG - GET to endpoint: media/1922267133095814231_4419328098/info/ returned response: <Response [200]>
2020-12-27 11:44:21,682 - instabot version: 0.117.0 (api) - DEBUG - POST to endpoint: media/1922267133095814231_4419328098/only_me/?media_type=1 returned response: <Response [200]>
2020-12-27 11:44:38,299 - instabot version: 0.117.0 (api) - DEBUG - GET to endpoint: media/1922266136445448903_4419328098/info/ returned response: <Response [200]>
2020-12-27 11:44:38,888 - instabot version: 0.117.0 (api) - DEBUG - POST to endpoint: media/1922266136445448903_4419328098/only_me/?media_type=1 returned response: <Response [200]>
2020-12-27 11:44:46,627 - instabot version: 0.117.0 (api) - DEBUG - GET to endpoint: media/1922265603735262557_4419328098/info/ returned response: <Response [200]>
2020-12-27 11:44:47,466 - instabot version: 0.117.0 (api) - DEBUG - POST to endpoint: media/1922265603735262557_4419328098/only_me/?media_type=1 returned response: <Response [200]>
2020-12-27 11:45:02,446 - instabot version: 0.117.0 (api) - DEBUG - GET to endpoint: media/1922253254949091329_4419328098/info/ returned response: <Response [200]>
2020-12-27 11:45:03,100 - instabot version: 0.117.0 (api) - DEBUG - POST to endpoint: media/1922253254949091329_4419328098/only_me/?media_type=1 returned response: <Response [200]>
2020-12-27 11:45:18,407 - instabot version: 0.117.0 (api) - DEBUG - GET to endpoint: media/1922233754858274761_4419328098/info/ returned response: <Response [200]>
2020-12-27 11:45:19,155 - instabot version: 0.117.0 (api) - DEBUG - POST to endpoint: media/1922233754858274761_4419328098/only_me/?media_type=1 returned response: <Response [200]>
2020-12-27 11:45:29,176 - instabot version: 0.117.0 (api) - DEBUG - GET to endpoint: media/1921019844176099788_4419328098/info/ returned response: <Response [200]>
2020-12-27 11:45:29,611 - instabot version: 0.117.0 (api) - DEBUG - POST to endpoint: media/1921019844176099788_4419328098/only_me/?media_type=1 returned response: <Response [200]>
2020-12-27 11:45:44,817 - instabot version: 0.117.0 (api) - DEBUG - GET to endpoint: media/1920725882026495847_4419328098/info/ returned response: <Response [200]>
2020-12-27 11:45:45,396 - instabot version: 0.117.0 (api) - DEBUG - POST to endpoint: media/1920725882026495847_4419328098/only_me/?media_type=1 returned response: <Response [200]>
2020-12-27 11:45:56,132 - instabot version: 0.117.0 (api) - DEBUG - GET to endpoint: media/1920473360103766852_4419328098/info/ returned response: <Response [200]>
2020-12-27 11:45:56,737 - instabot version: 0.117.0 (api) - DEBUG - POST to endpoint: media/1920473360103766852_4419328098/only_me/?media_type=1 returned response: <Response [200]>
2020-12-27 11:46:14,360 - instabot version: 0.117.0 (api) - DEBUG - GET to endpoint: media/1920463992083898392_4419328098/info/ returned response: <Response [200]>
2020-12-27 11:46:14,936 - instabot version: 0.117.0 (api) - DEBUG - POST to endpoint: media/1920463992083898392_4419328098/only_me/?media_type=1 returned response: <Response [200]>
2020-12-27 11:46:31,296 - instabot version: 0.117.0 (api) - DEBUG - GET to endpoint: media/1918390703979207514_4419328098/info/ returned response: <Response [200]>
2020-12-27 11:46:32,028 - instabot version: 0.117.0 (api) - DEBUG - POST to endpoint: media/1918390703979207514_4419328098/only_me/?media_type=1 returned response: <Response [200]>
2020-12-27 11:46:42,007 - instabot version: 0.117.0 (api) - DEBUG - GET to endpoint: media/1918203103876144814_4419328098/info/ returned response: <Response [200]>
2020-12-27 11:46:42,646 - instabot version: 0.117.0 (api) - DEBUG - POST to endpoint: media/1918203103876144814_4419328098/only_me/?media_type=1 returned response: <Response [200]>
2020-12-27 11:46:53,911 - instabot version: 0.117.0 (api) - DEBUG - GET to endpoint: media/1917776854485744994_4419328098/info/ returned response: <Response [200]>
2020-12-27 11:46:54,405 - instabot version: 0.117.0 (api) - DEBUG - POST to endpoint: media/1917776854485744994_4419328098/only_me/?media_type=1 returned response: <Response [200]>
2020-12-27 11:47:02,329 - instabot version: 0.117.0 (api) - DEBUG - GET to endpoint: media/1915297127376171439_4419328098/info/ returned response: <Response [200]>
2020-12-27 11:47:02,799 - instabot version: 0.117.0 (api) - DEBUG - POST to endpoint: media/1915297127376171439_4419328098/only_me/?media_type=1 returned response: <Response [200]>
2020-12-27 11:47:15,784 - instabot version: 0.117.0 (api) - DEBUG - GET to endpoint: media/1914789018467750298_4419328098/info/ returned response: <Response [200]>
2020-12-27 11:47:16,718 - instabot version: 0.117.0 (api) - DEBUG - POST to endpoint: media/1914789018467750298_4419328098/only_me/?media_type=1 returned response: <Response [200]>
2020-12-27 11:47:32,600 - instabot version: 0.117.0 (api) - DEBUG - GET to endpoint: media/1912785547069667386_4419328098/info/ returned response: <Response [200]>
2020-12-27 11:47:33,552 - instabot version: 0.117.0 (api) - DEBUG - POST to endpoint: media/1912785547069667386_4419328098/only_me/?media_type=1 returned response: <Response [200]>
2020-12-27 11:47:46,889 - instabot version: 0.117.0 (api) - DEBUG - GET to endpoint: media/1912748474103082982_4419328098/info/ returned response: <Response [200]>
2020-12-27 11:47:47,355 - instabot version: 0.117.0 (api) - DEBUG - POST to endpoint: media/1912748474103082982_4419328098/only_me/?media_type=1 returned response: <Response [200]>
2020-12-27 11:48:00,538 - instabot version: 0.117.0 (api) - DEBUG - GET to endpoint: media/1912615189079239025_4419328098/info/ returned response: <Response [200]>
2020-12-27 11:48:01,401 - instabot version: 0.117.0 (api) - DEBUG - POST to endpoint: media/1912615189079239025_4419328098/only_me/?media_type=1 returned response: <Response [200]>
2020-12-27 11:48:07,849 - instabot version: 0.117.0 (api) - DEBUG - GET to endpoint: media/1911990978983818679_4419328098/info/ returned response: <Response [200]>
2020-12-27 11:48:08,425 - instabot version: 0.117.0 (api) - DEBUG - POST to endpoint: media/1911990978983818679_4419328098/only_me/?media_type=1 returned response: <Response [200]>
2020-12-27 11:48:20,705 - instabot version: 0.117.0 (api) - DEBUG - GET to endpoint: media/1911989043170091050_4419328098/info/ returned response: <Response [200]>
2020-12-27 11:48:21,506 - instabot version: 0.117.0 (api) - DEBUG - POST to endpoint: media/1911989043170091050_4419328098/only_me/?media_type=1 returned response: <Response [200]>
2020-12-27 11:48:40,790 - instabot version: 0.117.0 (api) - DEBUG - GET to endpoint: media/1911985058539292203_4419328098/info/ returned response: <Response [200]>
2020-12-27 11:48:42,446 - instabot version: 0.117.0 (api) - DEBUG - POST to endpoint: media/1911985058539292203_4419328098/only_me/?media_type=1 returned response: <Response [200]>
2020-12-27 11:48:50,851 - instabot version: 0.117.0 (api) - DEBUG - GET to endpoint: media/1905393027138220651_4419328098/info/ returned response: <Response [200]>
2020-12-27 11:48:51,407 - instabot version: 0.117.0 (api) - DEBUG - POST to endpoint: media/1905393027138220651_4419328098/only_me/?media_type=1 returned response: <Response [200]>
2020-12-27 11:48:58,175 - instabot version: 0.117.0 (api) - DEBUG - GET to endpoint: media/1901810073891817149_4419328098/info/ returned response: <Response [200]>
2020-12-27 11:48:58,644 - instabot version: 0.117.0 (api) - DEBUG - POST to endpoint: media/1901810073891817149_4419328098/only_me/?media_type=1 returned response: <Response [200]>
2020-12-27 11:49:05,990 - instabot version: 0.117.0 (api) - DEBUG - GET to endpoint: media/1900034693677797712_4419328098/info/ returned response: <Response [200]>
2020-12-27 11:49:06,580 - instabot version: 0.117.0 (api) - DEBUG - POST to endpoint: media/1900034693677797712_4419328098/only_me/?media_type=1 returned response: <Response [200]>
2020-12-27 11:49:21,335 - instabot version: 0.117.0 (api) - DEBUG - GET to endpoint: media/1899557189204823643_4419328098/info/ returned response: <Response [200]>
2020-12-27 11:49:21,896 - instabot version: 0.117.0 (api) - DEBUG - POST to endpoint: media/1899557189204823643_4419328098/only_me/?media_type=1 returned response: <Response [200]>
2020-12-27 11:49:34,828 - instabot version: 0.117.0 (api) - DEBUG - GET to endpoint: media/1895407167156358118_4419328098/info/ returned response: <Response [200]>
2020-12-27 11:49:35,328 - instabot version: 0.117.0 (api) - DEBUG - POST to endpoint: media/1895407167156358118_4419328098/only_me/?media_type=1 returned response: <Response [200]>
2020-12-27 11:49:51,025 - instabot version: 0.117.0 (api) - DEBUG - GET to endpoint: media/1893073909756246002_4419328098/info/ returned response: <Response [200]>
2020-12-27 11:49:51,555 - instabot version: 0.117.0 (api) - DEBUG - POST to endpoint: media/1893073909756246002_4419328098/only_me/?media_type=1 returned response: <Response [200]>
2020-12-27 11:49:59,965 - instabot version: 0.117.0 (api) - DEBUG - GET to endpoint: media/1892889003176729009_4419328098/info/ returned response: <Response [200]>
2020-12-27 11:50:00,574 - instabot version: 0.117.0 (api) - DEBUG - POST to endpoint: media/1892889003176729009_4419328098/only_me/?media_type=1 returned response: <Response [200]>
2020-12-27 11:50:08,095 - instabot version: 0.117.0 (api) - DEBUG - GET to endpoint: media/1892802636929259761_4419328098/info/ returned response: <Response [200]>
2020-12-27 11:50:08,616 - instabot version: 0.117.0 (api) - DEBUG - POST to endpoint: media/1892802636929259761_4419328098/only_me/?media_type=1 returned response: <Response [200]>
2020-12-27 11:50:26,477 - instabot version: 0.117.0 (api) - DEBUG - GET to endpoint: media/1892742320665089694_4419328098/info/ returned response: <Response [200]>
2020-12-27 11:50:27,055 - instabot version: 0.117.0 (api) - DEBUG - POST to endpoint: media/1892742320665089694_4419328098/only_me/?media_type=1 returned response: <Response [200]>
2020-12-27 11:50:39,965 - instabot version: 0.117.0 (api) - DEBUG - GET to endpoint: media/1892112270454205804_4419328098/info/ returned response: <Response [200]>
2020-12-27 11:50:40,407 - instabot version: 0.117.0 (api) - DEBUG - POST to endpoint: media/1892112270454205804_4419328098/only_me/?media_type=1 returned response: <Response [200]>
2020-12-27 11:50:53,784 - instabot version: 0.117.0 (api) - DEBUG - GET to endpoint: media/1891998970861155138_4419328098/info/ returned response: <Response [200]>
2020-12-27 11:50:54,378 - instabot version: 0.117.0 (api) - DEBUG - POST to endpoint: media/1891998970861155138_4419328098/only_me/?media_type=1 returned response: <Response [200]>
2020-12-27 11:51:07,599 - instabot version: 0.117.0 (api) - DEBUG - GET to endpoint: media/1890132719279679939_4419328098/info/ returned response: <Response [200]>
2020-12-27 11:51:08,166 - instabot version: 0.117.0 (api) - DEBUG - POST to endpoint: media/1890132719279679939_4419328098/only_me/?media_type=1 returned response: <Response [200]>
2020-12-27 11:51:21,803 - instabot version: 0.117.0 (api) - DEBUG - GET to endpoint: media/1890021813149477090_4419328098/info/ returned response: <Response [200]>
2020-12-27 11:51:22,370 - instabot version: 0.117.0 (api) - DEBUG - POST to endpoint: media/1890021813149477090_4419328098/only_me/?media_type=1 returned response: <Response [200]>
2020-12-27 11:51:40,342 - instabot version: 0.117.0 (api) - DEBUG - GET to endpoint: media/1889357914234246016_4419328098/info/ returned response: <Response [200]>
2020-12-27 11:51:40,937 - instabot version: 0.117.0 (api) - DEBUG - POST to endpoint: media/1889357914234246016_4419328098/only_me/?media_type=1 returned response: <Response [200]>
2020-12-27 11:51:53,025 - instabot version: 0.117.0 (api) - DEBUG - GET to endpoint: media/1888571387115957554_4419328098/info/ returned response: <Response [200]>
2020-12-27 11:51:53,618 - instabot version: 0.117.0 (api) - DEBUG - POST to endpoint: media/1888571387115957554_4419328098/only_me/?media_type=1 returned response: <Response [200]>
2020-12-27 11:52:10,816 - instabot version: 0.117.0 (api) - DEBUG - GET to endpoint: media/1886273760790084158_4419328098/info/ returned response: <Response [200]>
2020-12-27 11:52:11,328 - instabot version: 0.117.0 (api) - DEBUG - POST to endpoint: media/1886273760790084158_4419328098/only_me/?media_type=1 returned response: <Response [200]>
2020-12-27 11:52:23,122 - instabot version: 0.117.0 (api) - DEBUG - GET to endpoint: media/1886175715343389620_4419328098/info/ returned response: <Response [200]>
2020-12-27 11:52:23,663 - instabot version: 0.117.0 (api) - DEBUG - POST to endpoint: media/1886175715343389620_4419328098/only_me/?media_type=1 returned response: <Response [200]>
2020-12-27 11:52:35,008 - instabot version: 0.117.0 (api) - DEBUG - GET to endpoint: media/1885810091630972690_4419328098/info/ returned response: <Response [200]>
2020-12-27 11:52:35,527 - instabot version: 0.117.0 (api) - DEBUG - POST to endpoint: media/1885810091630972690_4419328098/only_me/?media_type=1 returned response: <Response [200]>
2020-12-27 11:52:44,038 - instabot version: 0.117.0 (api) - DEBUG - GET to endpoint: media/1883052004494999433_4419328098/info/ returned response: <Response [200]>
2020-12-27 11:52:44,576 - instabot version: 0.117.0 (api) - DEBUG - POST to endpoint: media/1883052004494999433_4419328098/only_me/?media_type=1 returned response: <Response [200]>
2020-12-27 11:53:00,488 - instabot version: 0.117.0 (api) - DEBUG - GET to endpoint: media/1883044442552444559_4419328098/info/ returned response: <Response [200]>
2020-12-27 11:53:01,007 - instabot version: 0.117.0 (api) - DEBUG - POST to endpoint: media/1883044442552444559_4419328098/only_me/?media_type=1 returned response: <Response [200]>
2020-12-27 11:53:14,263 - instabot version: 0.117.0 (api) - DEBUG - GET to endpoint: media/1882256431413953879_4419328098/info/ returned response: <Response [200]>
2020-12-27 11:53:14,877 - instabot version: 0.117.0 (api) - DEBUG - POST to endpoint: media/1882256431413953879_4419328098/only_me/?media_type=1 returned response: <Response [200]>
2020-12-27 11:53:29,023 - instabot version: 0.117.0 (api) - DEBUG - GET to endpoint: media/1879166399541368158_4419328098/info/ returned response: <Response [200]>
2020-12-27 11:53:29,587 - instabot version: 0.117.0 (api) - DEBUG - POST to endpoint: media/1879166399541368158_4419328098/only_me/?media_type=1 returned response: <Response [200]>
2020-12-27 11:53:40,477 - instabot version: 0.117.0 (api) - DEBUG - GET to endpoint: media/1877097641611927643_4419328098/info/ returned response: <Response [200]>
2020-12-27 11:53:41,163 - instabot version: 0.117.0 (api) - DEBUG - POST to endpoint: media/1877097641611927643_4419328098/only_me/?media_type=1 returned response: <Response [200]>
2020-12-27 11:53:50,568 - instabot version: 0.117.0 (api) - DEBUG - GET to endpoint: media/1876961431262527009_4419328098/info/ returned response: <Response [200]>
2020-12-27 11:53:51,233 - instabot version: 0.117.0 (api) - DEBUG - POST to endpoint: media/1876961431262527009_4419328098/only_me/?media_type=1 returned response: <Response [200]>
2020-12-27 11:54:04,204 - instabot version: 0.117.0 (api) - DEBUG - GET to endpoint: media/1876924279519118174_4419328098/info/ returned response: <Response [200]>
2020-12-27 11:54:05,396 - instabot version: 0.117.0 (api) - DEBUG - POST to endpoint: media/1876924279519118174_4419328098/only_me/?media_type=1 returned response: <Response [200]>
2020-12-27 11:54:18,571 - instabot version: 0.117.0 (api) - DEBUG - GET to endpoint: media/1876366206684897885_4419328098/info/ returned response: <Response [200]>
2020-12-27 11:54:19,153 - instabot version: 0.117.0 (api) - DEBUG - POST to endpoint: media/1876366206684897885_4419328098/only_me/?media_type=1 returned response: <Response [200]>
2020-12-27 11:54:25,713 - instabot version: 0.117.0 (api) - DEBUG - GET to endpoint: media/1875844582506024618_4419328098/info/ returned response: <Response [200]>
2020-12-27 11:54:26,147 - instabot version: 0.117.0 (api) - DEBUG - POST to endpoint: media/1875844582506024618_4419328098/only_me/?media_type=1 returned response: <Response [200]>
2020-12-27 11:54:35,957 - instabot version: 0.117.0 (api) - DEBUG - GET to endpoint: media/1875621415240187544_4419328098/info/ returned response: <Response [200]>
2020-12-27 11:54:36,766 - instabot version: 0.117.0 (api) - DEBUG - POST to endpoint: media/1875621415240187544_4419328098/only_me/?media_type=1 returned response: <Response [200]>
2020-12-27 11:54:50,544 - instabot version: 0.117.0 (api) - DEBUG - GET to endpoint: media/1874862688910166791_4419328098/info/ returned response: <Response [200]>
2020-12-27 11:54:51,043 - instabot version: 0.117.0 (api) - DEBUG - POST to endpoint: media/1874862688910166791_4419328098/only_me/?media_type=1 returned response: <Response [200]>
2020-12-27 11:54:59,667 - instabot version: 0.117.0 (api) - DEBUG - GET to endpoint: media/1874794306099789031_4419328098/info/ returned response: <Response [200]>
2020-12-27 11:55:00,657 - instabot version: 0.117.0 (api) - DEBUG - POST to endpoint: media/1874794306099789031_4419328098/only_me/?media_type=1 returned response: <Response [200]>
2020-12-27 11:55:16,471 - instabot version: 0.117.0 (api) - DEBUG - GET to endpoint: media/1874791064456430229_4419328098/info/ returned response: <Response [200]>
2020-12-27 11:55:18,942 - instabot version: 0.117.0 (api) - DEBUG - POST to endpoint: media/1874791064456430229_4419328098/only_me/?media_type=1 returned response: <Response [200]>
2020-12-27 11:55:36,155 - instabot version: 0.117.0 (api) - DEBUG - GET to endpoint: media/1874200050995717104_4419328098/info/ returned response: <Response [200]>
2020-12-27 11:55:36,623 - instabot version: 0.117.0 (api) - DEBUG - POST to endpoint: media/1874200050995717104_4419328098/only_me/?media_type=1 returned response: <Response [200]>
2020-12-27 11:55:52,783 - instabot version: 0.117.0 (api) - DEBUG - GET to endpoint: media/1873420217775411737_4419328098/info/ returned response: <Response [200]>
2020-12-27 11:55:53,417 - instabot version: 0.117.0 (api) - DEBUG - POST to endpoint: media/1873420217775411737_4419328098/only_me/?media_type=1 returned response: <Response [200]>
2020-12-27 11:56:00,947 - instabot version: 0.117.0 (api) - DEBUG - GET to endpoint: media/1872781893613571770_4419328098/info/ returned response: <Response [200]>
2020-12-27 11:56:01,592 - instabot version: 0.117.0 (api) - DEBUG - POST to endpoint: media/1872781893613571770_4419328098/only_me/?media_type=1 returned response: <Response [200]>
2020-12-27 11:56:14,478 - instabot version: 0.117.0 (api) - DEBUG - GET to endpoint: media/1871871876781626014_4419328098/info/ returned response: <Response [200]>
2020-12-27 11:56:15,122 - instabot version: 0.117.0 (api) - DEBUG - POST to endpoint: media/1871871876781626014_4419328098/only_me/?media_type=1 returned response: <Response [200]>
2020-12-27 11:56:24,103 - instabot version: 0.117.0 (api) - DEBUG - GET to endpoint: media/1870589084479294902_4419328098/info/ returned response: <Response [200]>
2020-12-27 11:56:24,626 - instabot version: 0.117.0 (api) - DEBUG - POST to endpoint: media/1870589084479294902_4419328098/only_me/?media_type=1 returned response: <Response [200]>
2020-12-27 11:56:35,266 - instabot version: 0.117.0 (api) - DEBUG - GET to endpoint: media/1869922092122529504_4419328098/info/ returned response: <Response [200]>
2020-12-27 11:56:35,831 - instabot version: 0.117.0 (api) - DEBUG - POST to endpoint: media/1869922092122529504_4419328098/only_me/?media_type=1 returned response: <Response [200]>
2020-12-27 11:56:49,233 - instabot version: 0.117.0 (api) - DEBUG - GET to endpoint: media/1869134678043128418_4419328098/info/ returned response: <Response [200]>
2020-12-27 11:56:50,837 - instabot version: 0.117.0 (api) - DEBUG - POST to endpoint: media/1869134678043128418_4419328098/only_me/?media_type=1 returned response: <Response [200]>
2020-12-27 11:57:03,280 - instabot version: 0.117.0 (api) - DEBUG - GET to endpoint: media/1868529433138991231_4419328098/info/ returned response: <Response [200]>
2020-12-27 11:57:03,762 - instabot version: 0.117.0 (api) - DEBUG - POST to endpoint: media/1868529433138991231_4419328098/only_me/?media_type=1 returned response: <Response [200]>
2020-12-27 11:57:19,412 - instabot version: 0.117.0 (api) - DEBUG - GET to endpoint: media/1867626253274374276_4419328098/info/ returned response: <Response [200]>
2020-12-27 11:57:19,996 - instabot version: 0.117.0 (api) - DEBUG - POST to endpoint: media/1867626253274374276_4419328098/only_me/?media_type=1 returned response: <Response [200]>
2020-12-27 11:57:37,441 - instabot version: 0.117.0 (api) - DEBUG - GET to endpoint: media/1866955523088056924_4419328098/info/ returned response: <Response [200]>
2020-12-27 11:57:38,156 - instabot version: 0.117.0 (api) - DEBUG - POST to endpoint: media/1866955523088056924_4419328098/only_me/?media_type=1 returned response: <Response [200]>
2020-12-27 11:57:53,823 - instabot version: 0.117.0 (api) - DEBUG - GET to endpoint: media/1865561650086586825_4419328098/info/ returned response: <Response [200]>
2020-12-27 11:57:55,502 - instabot version: 0.117.0 (api) - DEBUG - POST to endpoint: media/1865561650086586825_4419328098/only_me/?media_type=8 returned response: <Response [200]>
2020-12-27 11:58:08,476 - instabot version: 0.117.0 (api) - DEBUG - GET to endpoint: media/1864719907489371302_4419328098/info/ returned response: <Response [200]>
2020-12-27 11:58:08,911 - instabot version: 0.117.0 (api) - DEBUG - POST to endpoint: media/1864719907489371302_4419328098/only_me/?media_type=1 returned response: <Response [200]>
2020-12-27 11:58:21,211 - instabot version: 0.117.0 (api) - DEBUG - GET to endpoint: media/1864260100420795369_4419328098/info/ returned response: <Response [200]>
2020-12-27 11:58:21,846 - instabot version: 0.117.0 (api) - DEBUG - POST to endpoint: media/1864260100420795369_4419328098/only_me/?media_type=1 returned response: <Response [200]>
2020-12-27 11:58:34,482 - instabot version: 0.117.0 (api) - DEBUG - GET to endpoint: media/1864194122718580674_4419328098/info/ returned response: <Response [200]>
2020-12-27 11:58:35,377 - instabot version: 0.117.0 (api) - DEBUG - POST to endpoint: media/1864194122718580674_4419328098/only_me/?media_type=1 returned response: <Response [200]>
2020-12-27 11:58:51,152 - instabot version: 0.117.0 (api) - DEBUG - GET to endpoint: media/1864047340927643339_4419328098/info/ returned response: <Response [200]>
2020-12-27 11:58:51,992 - instabot version: 0.117.0 (api) - DEBUG - POST to endpoint: media/1864047340927643339_4419328098/only_me/?media_type=1 returned response: <Response [200]>
2020-12-27 11:59:08,842 - instabot version: 0.117.0 (api) - DEBUG - GET to endpoint: media/1862693032789421288_4419328098/info/ returned response: <Response [200]>
2020-12-27 11:59:09,345 - instabot version: 0.117.0 (api) - DEBUG - POST to endpoint: media/1862693032789421288_4419328098/only_me/?media_type=1 returned response: <Response [200]>
2020-12-27 11:59:26,623 - instabot version: 0.117.0 (api) - DEBUG - GET to endpoint: media/1861861603507481546_4419328098/info/ returned response: <Response [200]>
2020-12-27 11:59:27,275 - instabot version: 0.117.0 (api) - DEBUG - POST to endpoint: media/1861861603507481546_4419328098/only_me/?media_type=1 returned response: <Response [200]>
2020-12-27 11:59:43,471 - instabot version: 0.117.0 (api) - DEBUG - GET to endpoint: media/1861763422157382615_4419328098/info/ returned response: <Response [200]>
2020-12-27 11:59:43,996 - instabot version: 0.117.0 (api) - DEBUG - POST to endpoint: media/1861763422157382615_4419328098/only_me/?media_type=1 returned response: <Response [200]>
2020-12-27 11:59:53,895 - instabot version: 0.117.0 (api) - DEBUG - GET to endpoint: media/1860554315339233750_4419328098/info/ returned response: <Response [200]>
2020-12-27 11:59:54,531 - instabot version: 0.117.0 (api) - DEBUG - POST to endpoint: media/1860554315339233750_4419328098/only_me/?media_type=1 returned response: <Response [200]>
2020-12-27 12:00:09,081 - instabot version: 0.117.0 (api) - DEBUG - GET to endpoint: media/1860390452528798580_4419328098/info/ returned response: <Response [200]>
2020-12-27 12:00:09,695 - instabot version: 0.117.0 (api) - DEBUG - POST to endpoint: media/1860390452528798580_4419328098/only_me/?media_type=1 returned response: <Response [200]>
2020-12-27 12:00:20,272 - instabot version: 0.117.0 (api) - DEBUG - GET to endpoint: media/1859752364655898309_4419328098/info/ returned response: <Response [200]>
2020-12-27 12:00:20,791 - instabot version: 0.117.0 (api) - DEBUG - POST to endpoint: media/1859752364655898309_4419328098/only_me/?media_type=1 returned response: <Response [200]>
2020-12-27 12:00:33,750 - instabot version: 0.117.0 (api) - DEBUG - GET to endpoint: media/1858810120385940092_4419328098/info/ returned response: <Response [200]>
2020-12-27 12:00:34,711 - instabot version: 0.117.0 (api) - DEBUG - POST to endpoint: media/1858810120385940092_4419328098/only_me/?media_type=1 returned response: <Response [200]>
2020-12-27 12:00:46,355 - instabot version: 0.117.0 (api) - DEBUG - GET to endpoint: media/1858271370207652757_4419328098/info/ returned response: <Response [200]>
2020-12-27 12:00:46,970 - instabot version: 0.117.0 (api) - DEBUG - POST to endpoint: media/1858271370207652757_4419328098/only_me/?media_type=1 returned response: <Response [200]>
2020-12-27 12:00:54,973 - instabot version: 0.117.0 (api) - DEBUG - GET to endpoint: media/1858167138431342851_4419328098/info/ returned response: <Response [200]>
2020-12-27 12:00:55,871 - instabot version: 0.117.0 (api) - DEBUG - POST to endpoint: media/1858167138431342851_4419328098/only_me/?media_type=1 returned response: <Response [200]>
2020-12-27 12:01:11,665 - instabot version: 0.117.0 (api) - DEBUG - GET to endpoint: media/1857383705719514620_4419328098/info/ returned response: <Response [200]>
2020-12-27 12:01:12,301 - instabot version: 0.117.0 (api) - DEBUG - POST to endpoint: media/1857383705719514620_4419328098/only_me/?media_type=1 returned response: <Response [200]>
2020-12-27 12:01:24,025 - instabot version: 0.117.0 (api) - DEBUG - GET to endpoint: media/1856793010378043003_4419328098/info/ returned response: <Response [200]>
2020-12-27 12:01:24,588 - instabot version: 0.117.0 (api) - DEBUG - POST to endpoint: media/1856793010378043003_4419328098/only_me/?media_type=1 returned response: <Response [200]>
2020-12-27 12:01:38,991 - instabot version: 0.117.0 (api) - DEBUG - GET to endpoint: media/1856221593458586825_4419328098/info/ returned response: <Response [200]>
2020-12-27 12:01:39,658 - instabot version: 0.117.0 (api) - DEBUG - POST to endpoint: media/1856221593458586825_4419328098/only_me/?media_type=1 returned response: <Response [200]>
2020-12-27 12:01:51,611 - instabot version: 0.117.0 (api) - DEBUG - GET to endpoint: media/1855351471487442765_4419328098/info/ returned response: <Response [200]>
2020-12-27 12:01:52,360 - instabot version: 0.117.0 (api) - DEBUG - POST to endpoint: media/1855351471487442765_4419328098/only_me/?media_type=1 returned response: <Response [200]>
2020-12-27 12:02:02,935 - instabot version: 0.117.0 (api) - DEBUG - GET to endpoint: media/1854653099067587239_4419328098/info/ returned response: <Response [200]>
2020-12-27 12:02:04,420 - instabot version: 0.117.0 (api) - DEBUG - POST to endpoint: media/1854653099067587239_4419328098/only_me/?media_type=1 returned response: <Response [200]>
2020-12-27 12:02:18,000 - instabot version: 0.117.0 (api) - DEBUG - GET to endpoint: media/1853348983662165365_4419328098/info/ returned response: <Response [200]>
2020-12-27 12:02:18,581 - instabot version: 0.117.0 (api) - DEBUG - POST to endpoint: media/1853348983662165365_4419328098/only_me/?media_type=1 returned response: <Response [200]>
2020-12-27 12:02:29,754 - instabot version: 0.117.0 (api) - DEBUG - GET to endpoint: media/1853160135082541917_4419328098/info/ returned response: <Response [200]>
2020-12-27 12:02:30,290 - instabot version: 0.117.0 (api) - DEBUG - POST to endpoint: media/1853160135082541917_4419328098/only_me/?media_type=1 returned response: <Response [200]>
2020-12-27 12:02:39,231 - instabot version: 0.117.0 (api) - DEBUG - GET to endpoint: media/1852423755624748312_4419328098/info/ returned response: <Response [200]>
2020-12-27 12:02:39,831 - instabot version: 0.117.0 (api) - DEBUG - POST to endpoint: media/1852423755624748312_4419328098/only_me/?media_type=1 returned response: <Response [200]>
2020-12-27 12:02:49,749 - instabot version: 0.117.0 (api) - DEBUG - GET to endpoint: media/1851788822069713328_4419328098/info/ returned response: <Response [200]>
2020-12-27 12:02:50,329 - instabot version: 0.117.0 (api) - DEBUG - POST to endpoint: media/1851788822069713328_4419328098/only_me/?media_type=1 returned response: <Response [200]>
2020-12-27 12:03:02,640 - instabot version: 0.117.0 (api) - DEBUG - GET to endpoint: media/1850981688218456894_4419328098/info/ returned response: <Response [200]>
2020-12-27 12:03:03,275 - instabot version: 0.117.0 (api) - DEBUG - POST to endpoint: media/1850981688218456894_4419328098/only_me/?media_type=1 returned response: <Response [200]>
2020-12-27 12:03:16,785 - instabot version: 0.117.0 (api) - DEBUG - GET to endpoint: media/1850705408516369455_4419328098/info/ returned response: <Response [200]>
2020-12-27 12:03:18,120 - instabot version: 0.117.0 (api) - DEBUG - POST to endpoint: media/1850705408516369455_4419328098/only_me/?media_type=1 returned response: <Response [200]>
2020-12-27 12:03:36,434 - instabot version: 0.117.0 (api) - DEBUG - GET to endpoint: media/1850407600122920008_4419328098/info/ returned response: <Response [200]>
2020-12-27 12:03:37,029 - instabot version: 0.117.0 (api) - DEBUG - POST to endpoint: media/1850407600122920008_4419328098/only_me/?media_type=1 returned response: <Response [200]>
2020-12-27 12:03:46,577 - instabot version: 0.117.0 (api) - DEBUG - GET to endpoint: media/1850151436655042803_4419328098/info/ returned response: <Response [200]>
2020-12-27 12:03:47,295 - instabot version: 0.117.0 (api) - DEBUG - POST to endpoint: media/1850151436655042803_4419328098/only_me/?media_type=1 returned response: <Response [200]>
2020-12-27 12:04:04,423 - instabot version: 0.117.0 (api) - DEBUG - GET to endpoint: media/1849589382647045049_4419328098/info/ returned response: <Response [200]>
2020-12-27 12:04:04,884 - instabot version: 0.117.0 (api) - DEBUG - POST to endpoint: media/1849589382647045049_4419328098/only_me/?media_type=1 returned response: <Response [200]>
2020-12-27 12:04:19,558 - instabot version: 0.117.0 (api) - DEBUG - GET to endpoint: media/1849516568598452431_4419328098/info/ returned response: <Response [200]>
2020-12-27 12:04:20,240 - instabot version: 0.117.0 (api) - DEBUG - POST to endpoint: media/1849516568598452431_4419328098/only_me/?media_type=1 returned response: <Response [200]>
2020-12-27 12:04:29,454 - instabot version: 0.117.0 (api) - DEBUG - GET to endpoint: media/1848114313148021577_4419328098/info/ returned response: <Response [200]>
2020-12-27 12:04:29,929 - instabot version: 0.117.0 (api) - DEBUG - POST to endpoint: media/1848114313148021577_4419328098/only_me/?media_type=1 returned response: <Response [200]>
2020-12-27 12:04:38,640 - instabot version: 0.117.0 (api) - DEBUG - GET to endpoint: media/1848072756521020755_4419328098/info/ returned response: <Response [200]>
2020-12-27 12:04:40,860 - instabot version: 0.117.0 (api) - DEBUG - POST to endpoint: media/1848072756521020755_4419328098/only_me/?media_type=1 returned response: <Response [200]>
2020-12-27 12:04:49,145 - instabot version: 0.117.0 (api) - DEBUG - GET to endpoint: media/1847334312383607219_4419328098/info/ returned response: <Response [200]>
2020-12-27 12:04:50,101 - instabot version: 0.117.0 (api) - DEBUG - POST to endpoint: media/1847334312383607219_4419328098/only_me/?media_type=1 returned response: <Response [200]>
2020-12-27 12:05:05,693 - instabot version: 0.117.0 (api) - DEBUG - GET to endpoint: media/1847246879256121109_4419328098/info/ returned response: <Response [200]>
2020-12-27 12:05:06,220 - instabot version: 0.117.0 (api) - DEBUG - POST to endpoint: media/1847246879256121109_4419328098/only_me/?media_type=1 returned response: <Response [200]>
2020-12-27 12:05:15,540 - instabot version: 0.117.0 (api) - DEBUG - GET to endpoint: media/1846748818910010733_4419328098/info/ returned response: <Response [200]>
2020-12-27 12:05:16,009 - instabot version: 0.117.0 (api) - DEBUG - POST to endpoint: media/1846748818910010733_4419328098/only_me/?media_type=1 returned response: <Response [200]>
2020-12-27 12:05:25,027 - instabot version: 0.117.0 (api) - DEBUG - GET to endpoint: media/1846675926713349660_4419328098/info/ returned response: <Response [200]>
2020-12-27 12:05:25,564 - instabot version: 0.117.0 (api) - DEBUG - POST to endpoint: media/1846675926713349660_4419328098/only_me/?media_type=1 returned response: <Response [200]>
2020-12-27 12:05:35,545 - instabot version: 0.117.0 (api) - DEBUG - GET to endpoint: media/1846675786849953500_4419328098/info/ returned response: <Response [200]>
2020-12-27 12:05:36,079 - instabot version: 0.117.0 (api) - DEBUG - POST to endpoint: media/1846675786849953500_4419328098/only_me/?media_type=1 returned response: <Response [200]>
2020-12-27 12:05:45,013 - instabot version: 0.117.0 (api) - DEBUG - GET to endpoint: media/1846462589287150651_4419328098/info/ returned response: <Response [200]>
2020-12-27 12:05:46,833 - instabot version: 0.117.0 (api) - DEBUG - POST to endpoint: media/1846462589287150651_4419328098/only_me/?media_type=1 returned response: <Response [200]>
2020-12-27 12:06:02,969 - instabot version: 0.117.0 (api) - DEBUG - GET to endpoint: media/1846116945729099193_4419328098/info/ returned response: <Response [200]>
2020-12-27 12:06:04,339 - instabot version: 0.117.0 (api) - DEBUG - POST to endpoint: media/1846116945729099193_4419328098/only_me/?media_type=1 returned response: <Response [200]>
2020-12-27 12:06:16,589 - instabot version: 0.117.0 (api) - DEBUG - GET to endpoint: media/1846116417347264422_4419328098/info/ returned response: <Response [200]>
2020-12-27 12:06:18,709 - instabot version: 0.117.0 (api) - DEBUG - POST to endpoint: media/1846116417347264422_4419328098/only_me/?media_type=1 returned response: <Response [200]>
2020-12-27 12:06:25,109 - instabot version: 0.117.0 (api) - DEBUG - GET to endpoint: media/1846113340322054472_4419328098/info/ returned response: <Response [200]>
2020-12-27 12:06:26,518 - instabot version: 0.117.0 (api) - DEBUG - POST to endpoint: media/1846113340322054472_4419328098/only_me/?media_type=1 returned response: <Response [200]>
2020-12-27 12:06:39,136 - instabot version: 0.117.0 (api) - DEBUG - GET to endpoint: media/1845311794936047177_4419328098/info/ returned response: <Response [200]>
2020-12-27 12:06:39,931 - instabot version: 0.117.0 (api) - DEBUG - POST to endpoint: media/1845311794936047177_4419328098/only_me/?media_type=1 returned response: <Response [200]>
2020-12-27 12:06:53,110 - instabot version: 0.117.0 (api) - DEBUG - GET to endpoint: media/1844493240439433378_4419328098/info/ returned response: <Response [200]>
2020-12-27 12:06:54,663 - instabot version: 0.117.0 (api) - DEBUG - POST to endpoint: media/1844493240439433378_4419328098/only_me/?media_type=1 returned response: <Response [200]>
2020-12-27 12:07:02,949 - instabot version: 0.117.0 (api) - DEBUG - GET to endpoint: media/1844376971379742649_4419328098/info/ returned response: <Response [200]>
2020-12-27 12:07:03,456 - instabot version: 0.117.0 (api) - DEBUG - POST to endpoint: media/1844376971379742649_4419328098/only_me/?media_type=1 returned response: <Response [200]>
2020-12-27 12:07:12,849 - instabot version: 0.117.0 (api) - DEBUG - GET to endpoint: media/1842372339006716322_4419328098/info/ returned response: <Response [200]>
2020-12-27 12:07:13,410 - instabot version: 0.117.0 (api) - DEBUG - POST to endpoint: media/1842372339006716322_4419328098/only_me/?media_type=1 returned response: <Response [200]>
2020-12-27 12:07:24,521 - instabot version: 0.117.0 (bot_checkpoint) - DEBUG - Saving Checkpoint file to: C:\Users\giuli\OneDrive\Desktop\DEV\insta bot - python/config/dirtshion.checkpoint
2020-12-27 12:07:24,522 - instabot version: 0.117.0 (bot) - INFO - Total archived: 172
2020-12-27 12:07:24,523 - instabot version: 0.117.0 (bot) - INFO - Total requests: 512
