2020-12-27 12:27:31,045 - instabot version: 0.117.0 (bot) - INFO - Instabot version: 0.117.0 Started
2020-12-27 12:27:31,045 - instabot version: 0.117.0 (bot) - DEBUG - Bot imported from C:\Python39\lib\site-packages\instabot\bot\bot.py
2020-12-27 12:27:52,755 - instabot version: 0.117.0 (api_login) - DEBUG - Loading cookies
2020-12-27 12:27:52,756 - instabot version: 0.117.0 (api_login) - DEBUG - Loading uuids
2020-12-27 12:27:52,756 - instabot version: 0.117.0 (api_login) - INFO - Recovery from C:\Users\giuli\OneDrive\Desktop\DEV\insta bot - python/config/dirtshion_uuid_and_cookie.json: COOKIE True - UUIDs True - TIMING, DEVICE and ...
- user-agent=Instagram 117.0.0.28.123 Android (28/9.0; 420dpi; 1080x1920; OnePlus; ONEPLUS A3003; OnePlus3; qcom; en_US; 180322800)
- phone_id=83eb7496-c7b9-4e5c-aeec-698addc35892
- uuid=60673090-8b05-4f7f-9a51-8fbc4792eb73
- client_session_id=852475c3-246a-44c2-ab49-2a8545297883
- device_id=android-72b5bbaadd902453
2020-12-27 12:27:52,758 - instabot version: 0.117.0 (api_login) - INFO - LOGIN FLOW! Just logged-in: False
2020-12-27 12:27:57,530 - instabot version: 0.117.0 (api) - DEBUG - POST to endpoint: feed/timeline/ returned response: <Response [200]>
2020-12-27 12:27:58,721 - instabot version: 0.117.0 (api) - DEBUG - POST to endpoint: feed/reels_tray/ returned response: <Response [200]>
2020-12-27 12:28:00,401 - instabot version: 0.117.0 (api) - DEBUG - POST to endpoint: direct_v2/ranked_recipients/ returned response: <Response [200]>
2020-12-27 12:28:00,752 - instabot version: 0.117.0 (api) - DEBUG - POST to endpoint: direct_v2/ranked_recipients/ returned response: <Response [200]>
2020-12-27 12:28:02,211 - instabot version: 0.117.0 (api) - DEBUG - POST to endpoint: direct_v2/inbox/ returned response: <Response [200]>
2020-12-27 12:28:02,766 - instabot version: 0.117.0 (api) - DEBUG - GET to endpoint: direct_v2/get_presence/ returned response: <Response [200]>
2020-12-27 12:28:04,002 - instabot version: 0.117.0 (api) - DEBUG - GET to endpoint: news/inbox/?limited_activity=true&show_su=true returned response: <Response [200]>
2020-12-27 12:28:04,317 - instabot version: 0.117.0 (api) - DEBUG - GET to endpoint: users/profile_notice/ returned response: <Response [200]>
2020-12-27 12:28:06,645 - instabot version: 0.117.0 (api) - DEBUG - POST to endpoint: discover/explore/ returned response: <Response [200]>
2020-12-27 12:28:06,647 - instabot version: 0.117.0 (api) - INFO - Logged-in successfully as 'dirtshion'!
2020-12-27 12:28:06,648 - instabot version: 0.117.0 (bot_checkpoint) - DEBUG - Loading Checkpoint file from: C:\Users\giuli\OneDrive\Desktop\DEV\insta bot - python/config/dirtshion.checkpoint
2020-12-27 12:28:27,901 - instabot version: 0.117.0 (api) - DEBUG - GET to endpoint: feed/user/4419328098/?max_id=&min_timestamp=None&rank_token=4419328098_60673090-8b05-4f7f-9a51-8fbc4792eb73&ranked_content=true returned response: <Response [200]>
2020-12-27 12:28:28,609 - instabot version: 0.117.0 (api) - DEBUG - GET to endpoint: feed/user/4419328098/?max_id=1821809111541717233_4419328098&min_timestamp=None&rank_token=4419328098_60673090-8b05-4f7f-9a51-8fbc4792eb73&ranked_content=true returned response: <Response [200]>
2020-12-27 12:28:29,391 - instabot version: 0.117.0 (api) - DEBUG - GET to endpoint: feed/user/4419328098/?max_id=1814952646210049869_4419328098&min_timestamp=None&rank_token=4419328098_60673090-8b05-4f7f-9a51-8fbc4792eb73&ranked_content=true returned response: <Response [200]>
2020-12-27 12:28:30,100 - instabot version: 0.117.0 (api) - DEBUG - GET to endpoint: feed/user/4419328098/?max_id=1810640068700985992_4419328098&min_timestamp=None&rank_token=4419328098_60673090-8b05-4f7f-9a51-8fbc4792eb73&ranked_content=true returned response: <Response [200]>
2020-12-27 12:28:30,810 - instabot version: 0.117.0 (api) - DEBUG - GET to endpoint: feed/user/4419328098/?max_id=1777586947456356941_4419328098&min_timestamp=None&rank_token=4419328098_60673090-8b05-4f7f-9a51-8fbc4792eb73&ranked_content=true returned response: <Response [200]>
2020-12-27 12:28:31,422 - instabot version: 0.117.0 (api) - DEBUG - GET to endpoint: feed/user/4419328098/?max_id=1770259621731323021_4419328098&min_timestamp=None&rank_token=4419328098_60673090-8b05-4f7f-9a51-8fbc4792eb73&ranked_content=true returned response: <Response [200]>
2020-12-27 12:28:32,047 - instabot version: 0.117.0 (api) - DEBUG - GET to endpoint: feed/user/4419328098/?max_id=1764731562747940492_4419328098&min_timestamp=None&rank_token=4419328098_60673090-8b05-4f7f-9a51-8fbc4792eb73&ranked_content=true returned response: <Response [200]>
2020-12-27 12:28:32,760 - instabot version: 0.117.0 (api) - DEBUG - GET to endpoint: feed/user/4419328098/?max_id=1754840891379497143_4419328098&min_timestamp=None&rank_token=4419328098_60673090-8b05-4f7f-9a51-8fbc4792eb73&ranked_content=true returned response: <Response [200]>
2020-12-27 12:28:33,500 - instabot version: 0.117.0 (api) - DEBUG - GET to endpoint: feed/user/4419328098/?max_id=1748587120766591705_4419328098&min_timestamp=None&rank_token=4419328098_60673090-8b05-4f7f-9a51-8fbc4792eb73&ranked_content=true returned response: <Response [200]>
2020-12-27 12:28:34,255 - instabot version: 0.117.0 (api) - DEBUG - GET to endpoint: feed/user/4419328098/?max_id=1743898302922621103_4419328098&min_timestamp=None&rank_token=4419328098_60673090-8b05-4f7f-9a51-8fbc4792eb73&ranked_content=true returned response: <Response [200]>
2020-12-27 12:28:35,131 - instabot version: 0.117.0 (api) - DEBUG - GET to endpoint: feed/user/4419328098/?max_id=1736402479657884948_4419328098&min_timestamp=None&rank_token=4419328098_60673090-8b05-4f7f-9a51-8fbc4792eb73&ranked_content=true returned response: <Response [200]>
2020-12-27 12:28:35,871 - instabot version: 0.117.0 (api) - DEBUG - GET to endpoint: feed/user/4419328098/?max_id=1729967725035251240_4419328098&min_timestamp=None&rank_token=4419328098_60673090-8b05-4f7f-9a51-8fbc4792eb73&ranked_content=true returned response: <Response [200]>
2020-12-27 12:28:36,727 - instabot version: 0.117.0 (api) - DEBUG - GET to endpoint: feed/user/4419328098/?max_id=1724047365962016427_4419328098&min_timestamp=None&rank_token=4419328098_60673090-8b05-4f7f-9a51-8fbc4792eb73&ranked_content=true returned response: <Response [200]>
2020-12-27 12:28:37,841 - instabot version: 0.117.0 (api) - DEBUG - GET to endpoint: feed/user/4419328098/?max_id=1720404989057989538_4419328098&min_timestamp=None&rank_token=4419328098_60673090-8b05-4f7f-9a51-8fbc4792eb73&ranked_content=true returned response: <Response [200]>
2020-12-27 12:28:38,622 - instabot version: 0.117.0 (api) - DEBUG - GET to endpoint: feed/user/4419328098/?max_id=1715587827667719568_4419328098&min_timestamp=None&rank_token=4419328098_60673090-8b05-4f7f-9a51-8fbc4792eb73&ranked_content=true returned response: <Response [200]>
2020-12-27 12:28:39,280 - instabot version: 0.117.0 (api) - DEBUG - GET to endpoint: feed/user/4419328098/?max_id=1710247683888515343_4419328098&min_timestamp=None&rank_token=4419328098_60673090-8b05-4f7f-9a51-8fbc4792eb73&ranked_content=true returned response: <Response [200]>
2020-12-27 12:28:40,301 - instabot version: 0.117.0 (api) - DEBUG - GET to endpoint: feed/user/4419328098/?max_id=1704345807938680245_4419328098&min_timestamp=None&rank_token=4419328098_60673090-8b05-4f7f-9a51-8fbc4792eb73&ranked_content=true returned response: <Response [200]>
2020-12-27 12:28:41,093 - instabot version: 0.117.0 (api) - DEBUG - GET to endpoint: feed/user/4419328098/?max_id=1700167429836798516_4419328098&min_timestamp=None&rank_token=4419328098_60673090-8b05-4f7f-9a51-8fbc4792eb73&ranked_content=true returned response: <Response [200]>
2020-12-27 12:28:41,952 - instabot version: 0.117.0 (api) - DEBUG - GET to endpoint: feed/user/4419328098/?max_id=1696537336027573306_4419328098&min_timestamp=None&rank_token=4419328098_60673090-8b05-4f7f-9a51-8fbc4792eb73&ranked_content=true returned response: <Response [200]>
2020-12-27 12:28:43,306 - instabot version: 0.117.0 (api) - DEBUG - GET to endpoint: feed/user/4419328098/?max_id=1692122298357629305_4419328098&min_timestamp=None&rank_token=4419328098_60673090-8b05-4f7f-9a51-8fbc4792eb73&ranked_content=true returned response: <Response [200]>
2020-12-27 12:28:44,042 - instabot version: 0.117.0 (api) - DEBUG - GET to endpoint: feed/user/4419328098/?max_id=1688495100824197021_4419328098&min_timestamp=None&rank_token=4419328098_60673090-8b05-4f7f-9a51-8fbc4792eb73&ranked_content=true returned response: <Response [200]>
2020-12-27 12:28:44,854 - instabot version: 0.117.0 (api) - DEBUG - GET to endpoint: feed/user/4419328098/?max_id=1683515591373048913_4419328098&min_timestamp=None&rank_token=4419328098_60673090-8b05-4f7f-9a51-8fbc4792eb73&ranked_content=true returned response: <Response [200]>
2020-12-27 12:28:45,570 - instabot version: 0.117.0 (api) - DEBUG - GET to endpoint: feed/user/4419328098/?max_id=1675689639381201684_4419328098&min_timestamp=None&rank_token=4419328098_60673090-8b05-4f7f-9a51-8fbc4792eb73&ranked_content=true returned response: <Response [200]>
2020-12-27 12:28:46,281 - instabot version: 0.117.0 (api) - DEBUG - GET to endpoint: feed/user/4419328098/?max_id=1668305382673479932_4419328098&min_timestamp=None&rank_token=4419328098_60673090-8b05-4f7f-9a51-8fbc4792eb73&ranked_content=true returned response: <Response [200]>
2020-12-27 12:28:47,150 - instabot version: 0.117.0 (api) - DEBUG - GET to endpoint: feed/user/4419328098/?max_id=1661196238224960781_4419328098&min_timestamp=None&rank_token=4419328098_60673090-8b05-4f7f-9a51-8fbc4792eb73&ranked_content=true returned response: <Response [200]>
2020-12-27 12:28:47,882 - instabot version: 0.117.0 (api) - DEBUG - GET to endpoint: feed/user/4419328098/?max_id=1652981867585972610_4419328098&min_timestamp=None&rank_token=4419328098_60673090-8b05-4f7f-9a51-8fbc4792eb73&ranked_content=true returned response: <Response [200]>
2020-12-27 12:28:48,872 - instabot version: 0.117.0 (api) - DEBUG - GET to endpoint: feed/user/4419328098/?max_id=1644411060186070708_4419328098&min_timestamp=None&rank_token=4419328098_60673090-8b05-4f7f-9a51-8fbc4792eb73&ranked_content=true returned response: <Response [200]>
2020-12-27 12:28:50,025 - instabot version: 0.117.0 (api) - DEBUG - GET to endpoint: feed/user/4419328098/?max_id=1638559388058529855_4419328098&min_timestamp=None&rank_token=4419328098_60673090-8b05-4f7f-9a51-8fbc4792eb73&ranked_content=true returned response: <Response [200]>
2020-12-27 12:28:51,252 - instabot version: 0.117.0 (api) - DEBUG - GET to endpoint: feed/user/4419328098/?max_id=1632027943681018652_4419328098&min_timestamp=None&rank_token=4419328098_60673090-8b05-4f7f-9a51-8fbc4792eb73&ranked_content=true returned response: <Response [200]>
2020-12-27 12:28:52,012 - instabot version: 0.117.0 (api) - DEBUG - GET to endpoint: feed/user/4419328098/?max_id=1627200292663332590_4419328098&min_timestamp=None&rank_token=4419328098_60673090-8b05-4f7f-9a51-8fbc4792eb73&ranked_content=true returned response: <Response [200]>
2020-12-27 12:28:52,734 - instabot version: 0.117.0 (api) - DEBUG - GET to endpoint: feed/user/4419328098/?max_id=1622791645216822395_4419328098&min_timestamp=None&rank_token=4419328098_60673090-8b05-4f7f-9a51-8fbc4792eb73&ranked_content=true returned response: <Response [200]>
2020-12-27 12:28:53,490 - instabot version: 0.117.0 (api) - DEBUG - GET to endpoint: feed/user/4419328098/?max_id=1618231798999722651_4419328098&min_timestamp=None&rank_token=4419328098_60673090-8b05-4f7f-9a51-8fbc4792eb73&ranked_content=true returned response: <Response [200]>
2020-12-27 12:28:54,290 - instabot version: 0.117.0 (api) - DEBUG - GET to endpoint: feed/user/4419328098/?max_id=1613917069904824298_4419328098&min_timestamp=None&rank_token=4419328098_60673090-8b05-4f7f-9a51-8fbc4792eb73&ranked_content=true returned response: <Response [200]>
2020-12-27 12:28:54,990 - instabot version: 0.117.0 (api) - DEBUG - GET to endpoint: feed/user/4419328098/?max_id=1610124766648165275_4419328098&min_timestamp=None&rank_token=4419328098_60673090-8b05-4f7f-9a51-8fbc4792eb73&ranked_content=true returned response: <Response [200]>
2020-12-27 12:28:55,672 - instabot version: 0.117.0 (api) - DEBUG - GET to endpoint: feed/user/4419328098/?max_id=1606109461584190472_4419328098&min_timestamp=None&rank_token=4419328098_60673090-8b05-4f7f-9a51-8fbc4792eb73&ranked_content=true returned response: <Response [200]>
2020-12-27 12:28:56,326 - instabot version: 0.117.0 (api) - DEBUG - GET to endpoint: feed/user/4419328098/?max_id=1601889776005190270_4419328098&min_timestamp=None&rank_token=4419328098_60673090-8b05-4f7f-9a51-8fbc4792eb73&ranked_content=true returned response: <Response [200]>
2020-12-27 12:28:57,066 - instabot version: 0.117.0 (api) - DEBUG - GET to endpoint: feed/user/4419328098/?max_id=1598657854999122318_4419328098&min_timestamp=None&rank_token=4419328098_60673090-8b05-4f7f-9a51-8fbc4792eb73&ranked_content=true returned response: <Response [200]>
2020-12-27 12:28:58,211 - instabot version: 0.117.0 (api) - DEBUG - GET to endpoint: feed/user/4419328098/?max_id=1595673746811414307_4419328098&min_timestamp=None&rank_token=4419328098_60673090-8b05-4f7f-9a51-8fbc4792eb73&ranked_content=true returned response: <Response [200]>
2020-12-27 12:28:59,070 - instabot version: 0.117.0 (api) - DEBUG - GET to endpoint: feed/user/4419328098/?max_id=1593059368274582854_4419328098&min_timestamp=None&rank_token=4419328098_60673090-8b05-4f7f-9a51-8fbc4792eb73&ranked_content=true returned response: <Response [200]>
2020-12-27 12:28:59,701 - instabot version: 0.117.0 (api) - DEBUG - GET to endpoint: feed/user/4419328098/?max_id=1590681554405726236_4419328098&min_timestamp=None&rank_token=4419328098_60673090-8b05-4f7f-9a51-8fbc4792eb73&ranked_content=true returned response: <Response [200]>
2020-12-27 12:29:00,420 - instabot version: 0.117.0 (api) - DEBUG - GET to endpoint: feed/user/4419328098/?max_id=1587879746943747686_4419328098&min_timestamp=None&rank_token=4419328098_60673090-8b05-4f7f-9a51-8fbc4792eb73&ranked_content=true returned response: <Response [200]>
2020-12-27 12:29:01,151 - instabot version: 0.117.0 (api) - DEBUG - GET to endpoint: feed/user/4419328098/?max_id=1585701586055690077_4419328098&min_timestamp=None&rank_token=4419328098_60673090-8b05-4f7f-9a51-8fbc4792eb73&ranked_content=true returned response: <Response [200]>
2020-12-27 12:29:01,831 - instabot version: 0.117.0 (api) - DEBUG - GET to endpoint: feed/user/4419328098/?max_id=1582780719809430370_4419328098&min_timestamp=None&rank_token=4419328098_60673090-8b05-4f7f-9a51-8fbc4792eb73&ranked_content=true returned response: <Response [200]>
2020-12-27 12:29:02,561 - instabot version: 0.117.0 (api) - DEBUG - GET to endpoint: feed/user/4419328098/?max_id=1580741234783606660_4419328098&min_timestamp=None&rank_token=4419328098_60673090-8b05-4f7f-9a51-8fbc4792eb73&ranked_content=true returned response: <Response [200]>
2020-12-27 12:29:03,301 - instabot version: 0.117.0 (api) - DEBUG - GET to endpoint: feed/user/4419328098/?max_id=1577483730142319390_4419328098&min_timestamp=None&rank_token=4419328098_60673090-8b05-4f7f-9a51-8fbc4792eb73&ranked_content=true returned response: <Response [200]>
2020-12-27 12:29:04,041 - instabot version: 0.117.0 (api) - DEBUG - GET to endpoint: feed/user/4419328098/?max_id=1574571099228202794_4419328098&min_timestamp=None&rank_token=4419328098_60673090-8b05-4f7f-9a51-8fbc4792eb73&ranked_content=true returned response: <Response [200]>
2020-12-27 12:29:04,684 - instabot version: 0.117.0 (api) - DEBUG - GET to endpoint: feed/user/4419328098/?max_id=1570378431535106170_4419328098&min_timestamp=None&rank_token=4419328098_60673090-8b05-4f7f-9a51-8fbc4792eb73&ranked_content=true returned response: <Response [200]>
2020-12-27 12:29:05,391 - instabot version: 0.117.0 (api) - DEBUG - GET to endpoint: feed/user/4419328098/?max_id=1565617533218124953_4419328098&min_timestamp=None&rank_token=4419328098_60673090-8b05-4f7f-9a51-8fbc4792eb73&ranked_content=true returned response: <Response [200]>
2020-12-27 12:29:06,031 - instabot version: 0.117.0 (api) - DEBUG - GET to endpoint: feed/user/4419328098/?max_id=1561234763276559082_4419328098&min_timestamp=None&rank_token=4419328098_60673090-8b05-4f7f-9a51-8fbc4792eb73&ranked_content=true returned response: <Response [200]>
2020-12-27 12:29:06,771 - instabot version: 0.117.0 (api) - DEBUG - GET to endpoint: feed/user/4419328098/?max_id=1555855038446260508_4419328098&min_timestamp=None&rank_token=4419328098_60673090-8b05-4f7f-9a51-8fbc4792eb73&ranked_content=true returned response: <Response [200]>
2020-12-27 12:29:07,442 - instabot version: 0.117.0 (api) - DEBUG - GET to endpoint: feed/user/4419328098/?max_id=1550027974820412789_4419328098&min_timestamp=None&rank_token=4419328098_60673090-8b05-4f7f-9a51-8fbc4792eb73&ranked_content=true returned response: <Response [200]>
2020-12-27 12:29:08,572 - instabot version: 0.117.0 (api) - DEBUG - GET to endpoint: feed/user/4419328098/?max_id=1545231083083506782_4419328098&min_timestamp=None&rank_token=4419328098_60673090-8b05-4f7f-9a51-8fbc4792eb73&ranked_content=true returned response: <Response [200]>
2020-12-27 12:29:09,311 - instabot version: 0.117.0 (api) - DEBUG - GET to endpoint: feed/user/4419328098/?max_id=1540748197974287510_4419328098&min_timestamp=None&rank_token=4419328098_60673090-8b05-4f7f-9a51-8fbc4792eb73&ranked_content=true returned response: <Response [200]>
2020-12-27 12:29:10,041 - instabot version: 0.117.0 (api) - DEBUG - GET to endpoint: feed/user/4419328098/?max_id=1534291805700683944_4419328098&min_timestamp=None&rank_token=4419328098_60673090-8b05-4f7f-9a51-8fbc4792eb73&ranked_content=true returned response: <Response [200]>
2020-12-27 12:29:10,801 - instabot version: 0.117.0 (api) - DEBUG - GET to endpoint: feed/user/4419328098/?max_id=1529000832124983962_4419328098&min_timestamp=None&rank_token=4419328098_60673090-8b05-4f7f-9a51-8fbc4792eb73&ranked_content=true returned response: <Response [200]>
2020-12-27 12:29:11,593 - instabot version: 0.117.0 (api) - DEBUG - GET to endpoint: feed/user/4419328098/?max_id=1522674527439864221_4419328098&min_timestamp=None&rank_token=4419328098_60673090-8b05-4f7f-9a51-8fbc4792eb73&ranked_content=true returned response: <Response [200]>
2020-12-27 12:29:12,324 - instabot version: 0.117.0 (api) - DEBUG - GET to endpoint: feed/user/4419328098/?max_id=1517720622679283752_4419328098&min_timestamp=None&rank_token=4419328098_60673090-8b05-4f7f-9a51-8fbc4792eb73&ranked_content=true returned response: <Response [200]>
2020-12-27 12:29:12,981 - instabot version: 0.117.0 (api) - DEBUG - GET to endpoint: feed/user/4419328098/?max_id=1512500256914736680_4419328098&min_timestamp=None&rank_token=4419328098_60673090-8b05-4f7f-9a51-8fbc4792eb73&ranked_content=true returned response: <Response [200]>
2020-12-27 12:29:17,165 - instabot version: 0.117.0 (api) - DEBUG - GET to endpoint: media/1840997688527626851_4419328098/info/ returned response: <Response [200]>
2020-12-27 12:29:17,733 - instabot version: 0.117.0 (api) - DEBUG - POST to endpoint: media/1840997688527626851_4419328098/only_me/?media_type=1 returned response: <Response [200]>
2020-12-27 12:29:30,532 - instabot version: 0.117.0 (api) - DEBUG - GET to endpoint: media/1839979723783112056_4419328098/info/ returned response: <Response [200]>
2020-12-27 12:29:31,141 - instabot version: 0.117.0 (api) - DEBUG - POST to endpoint: media/1839979723783112056_4419328098/only_me/?media_type=1 returned response: <Response [200]>
2020-12-27 12:29:36,193 - instabot version: 0.117.0 (bot_checkpoint) - DEBUG - Saving Checkpoint file to: C:\Users\giuli\OneDrive\Desktop\DEV\insta bot - python/config/dirtshion.checkpoint
2020-12-27 12:29:36,193 - instabot version: 0.117.0 (bot) - INFO - Total archived: 174
2020-12-27 12:29:36,194 - instabot version: 0.117.0 (bot) - INFO - Total requests: 574
